[2023-12-04 13:33:17.660] [erro] [CODEC] [P976947 T976947 Init@decoder_cpu.cpp:147 | decoder_cpu init success.   id=0]
[2023-12-04 13:33:17.662] [erro] [CODEC] [P976947 T976947 Init@decoder_cpu.cpp:147 | decoder_cpu init success.   id=1]
[2023-12-04 13:33:17.665] [erro] [CODEC] [P976947 T976947 Init@decoder_cpu.cpp:147 | decoder_cpu init success.   id=3]
[2023-12-04 13:33:17.667] [erro] [CODEC] [P976947 T976947 Init@decoder_cpu.cpp:147 | decoder_cpu init success.   id=4]
[2023-12-04 13:33:17.670] [erro] [CODEC] [P976947 T976947 Init@decoder_cpu.cpp:147 | decoder_cpu init success.   id=5]
[2023-12-04 13:33:17.672] [erro] [CODEC] [P976947 T976947 Init@decoder_cpu.cpp:147 | decoder_cpu init success.   id=6]
[2023-12-04 13:33:17.675] [erro] [CODEC] [P976947 T976947 Init@decoder_cpu.cpp:147 | decoder_cpu init success.   id=7]
[2023-12-04 13:33:17.675] [erro] [CODEC] [P976947 T976947 Init@decoder_cpu.cpp:155 | DecoderCpu init done!]
[2023-12-04 13:33:17.790] [erro] [CODEC] [P976947 T977025 WorkThread@decoder_cpu.cpp:444 | process sid: 0  input buff size: 98515 output buff size: 0]
[2023-12-04 13:33:17.790] [erro] [CODEC] [P976947 T977025 WorkThread@decoder_cpu.cpp:448 | Cm proxy is not ready. Topic: /soc/camera_0]
[2023-12-04 13:33:19.049] [erro] [CODEC] [P976947 T977025 WorkThread@decoder_cpu.cpp:444 | process sid: 0  input buff size: 3494 output buff size: 0]
[2023-12-04 13:33:19.049] [erro] [CODEC] [P976947 T977025 WorkThread@decoder_cpu.cpp:448 | Cm proxy is not ready. Topic: /soc/camera_0]
[2023-12-04 13:33:19.150] [erro] [CODEC] [P976947 T977025 WorkThread@decoder_cpu.cpp:444 | process sid: 0  input buff size: 3111 output buff size: 0]
[2023-12-04 13:33:19.150] [erro] [CODEC] [P976947 T977025 WorkThread@decoder_cpu.cpp:448 | Cm proxy is not ready. Topic: /soc/camera_0]
[2023-12-04 13:33:19.250] [erro] [CODEC] [P976947 T977025 WorkThread@decoder_cpu.cpp:444 | process sid: 0  input buff size: 3014 output buff size: 0]
[2023-12-04 13:33:19.250] [erro] [CODEC] [P976947 T977025 WorkThread@decoder_cpu.cpp:448 | Cm proxy is not ready. Topic: /soc/camera_0]
[2023-12-04 13:33:19.350] [erro] [CODEC] [P976947 T977025 WorkThread@decoder_cpu.cpp:444 | process sid: 0  input buff size: 2757 output buff size: 0]
[2023-12-04 13:33:19.350] [erro] [CODEC] [P976947 T977025 WorkThread@decoder_cpu.cpp:448 | Cm proxy is not ready. Topic: /soc/camera_0]
[2023-12-04 13:33:19.450] [erro] [CODEC] [P976947 T977025 WorkThread@decoder_cpu.cpp:444 | process sid: 0  input buff size: 2632 output buff size: 0]
[2023-12-04 13:33:19.450] [erro] [CODEC] [P976947 T977025 WorkThread@decoder_cpu.cpp:448 | Cm proxy is not ready. Topic: /soc/camera_0]
[2023-12-04 13:33:19.562] [erro] [CODEC] [P976947 T977025 WorkThread@decoder_cpu.cpp:444 | process sid: 0  input buff size: 2635 output buff size: 12441600]
[2023-12-04 13:33:19.562] [erro] [CODEC] [P976947 T977025 WorkThread@decoder_cpu.cpp:448 | Cm proxy is not ready. Topic: /soc/camera_0]
[2023-12-04 13:33:19.661] [erro] [CODEC] [P976947 T977025 WorkThread@decoder_cpu.cpp:444 | process sid: 0  input buff size: 2635 output buff size: 12441600]
[2023-12-04 13:33:19.661] [erro] [CODEC] [P976947 T977025 WorkThread@decoder_cpu.cpp:448 | Cm proxy is not ready. Topic: /soc/camera_0]
[2023-12-04 13:33:19.761] [erro] [CODEC] [P976947 T977025 WorkThread@decoder_cpu.cpp:444 | process sid: 0  input buff size: 2760 output buff size: 12441600]
[2023-12-04 13:33:19.761] [erro] [CODEC] [P976947 T977025 WorkThread@decoder_cpu.cpp:448 | Cm proxy is not ready. Topic: /soc/camera_0]
[2023-12-04 13:33:19.852] [erro] [CODEC] [P976947 T977025 WorkThread@decoder_cpu.cpp:444 | process sid: 0  input buff size: 2598 output buff size: 12441600]
[2023-12-04 13:33:19.852] [erro] [CODEC] [P976947 T977025 WorkThread@decoder_cpu.cpp:448 | Cm proxy is not ready. Topic: /soc/camera_0]
[2023-12-04 13:33:19.952] [erro] [CODEC] [P976947 T977025 WorkThread@decoder_cpu.cpp:444 | process sid: 0  input buff size: 2699 output buff size: 12441600]
[2023-12-04 13:33:19.952] [erro] [CODEC] [P976947 T977025 WorkThread@decoder_cpu.cpp:448 | Cm proxy is not ready. Topic: /soc/camera_0]
[2023-12-04 13:33:20.052] [erro] [CODEC] [P976947 T977025 WorkThread@decoder_cpu.cpp:444 | process sid: 0  input buff size: 2470 output buff size: 12441600]
[2023-12-04 13:33:20.052] [erro] [CODEC] [P976947 T977025 WorkThread@decoder_cpu.cpp:448 | Cm proxy is not ready. Topic: /soc/camera_0]
[2023-12-04 13:33:20.165] [erro] [CODEC] [P976947 T977025 WorkThread@decoder_cpu.cpp:444 | process sid: 0  input buff size: 2416 output buff size: 12441600]
[2023-12-04 13:33:20.165] [erro] [CODEC] [P976947 T977025 WorkThread@decoder_cpu.cpp:448 | Cm proxy is not ready. Topic: /soc/camera_0]
[2023-12-04 13:33:20.252] [erro] [CODEC] [P976947 T977025 WorkThread@decoder_cpu.cpp:444 | process sid: 0  input buff size: 2452 output buff size: 12441600]
[2023-12-04 13:33:20.252] [erro] [CODEC] [P976947 T977025 WorkThread@decoder_cpu.cpp:448 | Cm proxy is not ready. Topic: /soc/camera_0]
[2023-12-04 13:33:20.361] [erro] [CODEC] [P976947 T977025 WorkThread@decoder_cpu.cpp:444 | process sid: 0  input buff size: 2508 output buff size: 12441600]
[2023-12-04 13:33:20.361] [erro] [CODEC] [P976947 T977025 WorkThread@decoder_cpu.cpp:448 | Cm proxy is not ready. Topic: /soc/camera_0]
[2023-12-04 13:33:20.452] [erro] [CODEC] [P976947 T977025 WorkThread@decoder_cpu.cpp:444 | process sid: 0  input buff size: 2534 output buff size: 12441600]
[2023-12-04 13:33:20.452] [erro] [CODEC] [P976947 T977025 WorkThread@decoder_cpu.cpp:448 | Cm proxy is not ready. Topic: /soc/camera_0]
[2023-12-04 13:33:20.561] [erro] [CODEC] [P976947 T977025 WorkThread@decoder_cpu.cpp:444 | process sid: 0  input buff size: 98522 output buff size: 12441600]
[2023-12-04 13:33:20.561] [erro] [CODEC] [P976947 T977025 WorkThread@decoder_cpu.cpp:448 | Cm proxy is not ready. Topic: /soc/camera_0]
[2023-12-04 13:33:20.652] [erro] [CODEC] [P976947 T977025 WorkThread@decoder_cpu.cpp:444 | process sid: 0  input buff size: 3647 output buff size: 12441600]
[2023-12-04 13:33:20.652] [erro] [CODEC] [P976947 T977025 WorkThread@decoder_cpu.cpp:448 | Cm proxy is not ready. Topic: /soc/camera_0]
[2023-12-04 13:33:20.752] [erro] [CODEC] [P976947 T977025 WorkThread@decoder_cpu.cpp:444 | process sid: 0  input buff size: 3216 output buff size: 12441600]
[2023-12-04 13:33:20.752] [erro] [CODEC] [P976947 T977025 WorkThread@decoder_cpu.cpp:448 | Cm proxy is not ready. Topic: /soc/camera_0]
[2023-12-04 13:33:20.852] [erro] [CODEC] [P976947 T977025 WorkThread@decoder_cpu.cpp:444 | process sid: 0  input buff size: 3228 output buff size: 12441600]
[2023-12-04 13:33:20.852] [erro] [CODEC] [P976947 T977025 WorkThread@decoder_cpu.cpp:448 | Cm proxy is not ready. Topic: /soc/camera_0]
[2023-12-04 13:33:20.952] [erro] [CODEC] [P976947 T977025 WorkThread@decoder_cpu.cpp:444 | process sid: 0  input buff size: 3119 output buff size: 12441600]
[2023-12-04 13:33:20.952] [erro] [CODEC] [P976947 T977025 WorkThread@decoder_cpu.cpp:448 | Cm proxy is not ready. Topic: /soc/camera_0]
[2023-12-04 13:33:21.053] [erro] [CODEC] [P976947 T977025 WorkThread@decoder_cpu.cpp:444 | process sid: 0  input buff size: 3109 output buff size: 12441600]
[2023-12-04 13:33:21.053] [erro] [CODEC] [P976947 T977025 WorkThread@decoder_cpu.cpp:448 | Cm proxy is not ready. Topic: /soc/camera_0]
[2023-12-04 13:33:21.152] [erro] [CODEC] [P976947 T977025 WorkThread@decoder_cpu.cpp:444 | process sid: 0  input buff size: 2955 output buff size: 12441600]
[2023-12-04 13:33:21.152] [erro] [CODEC] [P976947 T977025 WorkThread@decoder_cpu.cpp:448 | Cm proxy is not ready. Topic: /soc/camera_0]
[2023-12-04 13:33:21.253] [erro] [CODEC] [P976947 T977025 WorkThread@decoder_cpu.cpp:444 | process sid: 0  input buff size: 2853 output buff size: 12441600]
[2023-12-04 13:33:21.253] [erro] [CODEC] [P976947 T977025 WorkThread@decoder_cpu.cpp:448 | Cm proxy is not ready. Topic: /soc/camera_0]
[2023-12-04 13:33:21.361] [erro] [CODEC] [P976947 T977025 WorkThread@decoder_cpu.cpp:444 | process sid: 0  input buff size: 2831 output buff size: 12441600]
[2023-12-04 13:33:21.361] [erro] [CODEC] [P976947 T977025 WorkThread@decoder_cpu.cpp:448 | Cm proxy is not ready. Topic: /soc/camera_0]
[2023-12-04 13:34:14.024] [erro] [CODEC] [P976947 T977025 WorkThread@decoder_cpu.cpp:444 | process sid: 0  input buff size: 3081 output buff size: 12441600]
[2023-12-04 13:34:17.037] [erro] [CODEC] [P976947 T977025 WorkThread@decoder_cpu.cpp:444 | process sid: 0  input buff size: 3132 output buff size: 12441600]
[2023-12-04 13:34:17.143] [erro] [CODEC] [P976947 T977025 WorkThread@decoder_cpu.cpp:444 | process sid: 0  input buff size: 3128 output buff size: 12441600]
[2023-12-04 13:34:17.236] [erro] [CODEC] [P976947 T977025 WorkThread@decoder_cpu.cpp:444 | process sid: 0  input buff size: 3097 output buff size: 12441600]
[2023-12-04 13:34:17.336] [erro] [CODEC] [P976947 T977025 WorkThread@decoder_cpu.cpp:444 | process sid: 0  input buff size: 3346 output buff size: 12441600]
[2023-12-04 13:34:17.437] [erro] [CODEC] [P976947 T977025 WorkThread@decoder_cpu.cpp:444 | process sid: 0  input buff size: 3288 output buff size: 12441600]
[2023-12-04 13:34:17.538] [erro] [CODEC] [P976947 T977025 WorkThread@decoder_cpu.cpp:444 | process sid: 0  input buff size: 3208 output buff size: 12441600]
[2023-12-04 13:34:17.633] [erro] [CODEC] [P976947 T977025 WorkThread@decoder_cpu.cpp:444 | process sid: 0  input buff size: 99344 output buff size: 12441600]
[2023-12-04 13:34:17.733] [erro] [CODEC] [P976947 T977025 WorkThread@decoder_cpu.cpp:444 | process sid: 0  input buff size: 3934 output buff size: 12441600]
[2023-12-04 13:34:17.823] [erro] [CODEC] [P976947 T977025 WorkThread@decoder_cpu.cpp:444 | process sid: 0  input buff size: 3673 output buff size: 12441600]
[2023-12-04 13:34:17.923] [erro] [CODEC] [P976947 T977025 WorkThread@decoder_cpu.cpp:444 | process sid: 0  input buff size: 3573 output buff size: 12441600]
[2023-12-04 13:34:18.024] [erro] [CODEC] [P976947 T977025 WorkThread@decoder_cpu.cpp:444 | process sid: 0  input buff size: 3584 output buff size: 12441600]
[2023-12-04 13:34:18.123] [erro] [CODEC] [P976947 T977025 WorkThread@decoder_cpu.cpp:444 | process sid: 0  input buff size: 3433 output buff size: 12441600]
[2023-12-04 13:34:18.224] [erro] [CODEC] [P976947 T977025 WorkThread@decoder_cpu.cpp:444 | process sid: 0  input buff size: 3596 output buff size: 12441600]
[2023-12-04 13:34:18.323] [erro] [CODEC] [P976947 T977025 WorkThread@decoder_cpu.cpp:444 | process sid: 0  input buff size: 3547 output buff size: 12441600]
[2023-12-04 13:34:18.423] [erro] [CODEC] [P976947 T977025 WorkThread@decoder_cpu.cpp:444 | process sid: 0  input buff size: 3607 output buff size: 12441600]
[2023-12-04 13:34:18.523] [erro] [CODEC] [P976947 T977025 WorkThread@decoder_cpu.cpp:444 | process sid: 0  input buff size: 3723 output buff size: 12441600]
[2023-12-04 13:34:18.623] [erro] [CODEC] [P976947 T977025 WorkThread@decoder_cpu.cpp:444 | process sid: 0  input buff size: 3713 output buff size: 12441600]
[2023-12-04 13:34:18.723] [erro] [CODEC] [P976947 T977025 WorkThread@decoder_cpu.cpp:444 | process sid: 0  input buff size: 3474 output buff size: 12441600]
[2023-12-04 13:34:18.823] [erro] [CODEC] [P976947 T977025 WorkThread@decoder_cpu.cpp:444 | process sid: 0  input buff size: 3401 output buff size: 12441600]
[2023-12-04 13:34:18.923] [erro] [CODEC] [P976947 T977025 WorkThread@decoder_cpu.cpp:444 | process sid: 0  input buff size: 3503 output buff size: 12441600]
[2023-12-04 13:34:19.023] [erro] [CODEC] [P976947 T977025 WorkThread@decoder_cpu.cpp:444 | process sid: 0  input buff size: 3618 output buff size: 12441600]
[2023-12-04 13:34:19.123] [erro] [CODEC] [P976947 T977025 WorkThread@decoder_cpu.cpp:444 | process sid: 0  input buff size: 3607 output buff size: 12441600]
[2023-12-04 13:34:19.223] [erro] [CODEC] [P976947 T977025 WorkThread@decoder_cpu.cpp:444 | process sid: 0  input buff size: 99771 output buff size: 12441600]
[2023-12-04 13:34:19.323] [erro] [CODEC] [P976947 T977025 WorkThread@decoder_cpu.cpp:444 | process sid: 0  input buff size: 4944 output buff size: 12441600]
[2023-12-04 13:34:19.424] [erro] [CODEC] [P976947 T977025 WorkThread@decoder_cpu.cpp:444 | process sid: 0  input buff size: 6024 output buff size: 12441600]
[2023-12-04 13:34:19.523] [erro] [CODEC] [P976947 T977025 WorkThread@decoder_cpu.cpp:444 | process sid: 0  input buff size: 5774 output buff size: 12441600]
[2023-12-04 13:34:19.624] [erro] [CODEC] [P976947 T977025 WorkThread@decoder_cpu.cpp:444 | process sid: 0  input buff size: 5094 output buff size: 12441600]
[2023-12-04 13:34:19.723] [erro] [CODEC] [P976947 T977025 WorkThread@decoder_cpu.cpp:444 | process sid: 0  input buff size: 4804 output buff size: 12441600]
[2023-12-04 13:34:19.823] [erro] [CODEC] [P976947 T977025 WorkThread@decoder_cpu.cpp:444 | process sid: 0  input buff size: 4062 output buff size: 12441600]
[2023-12-04 13:34:19.924] [erro] [CODEC] [P976947 T977025 WorkThread@decoder_cpu.cpp:444 | process sid: 0  input buff size: 4492 output buff size: 12441600]
[2023-12-04 13:34:20.023] [erro] [CODEC] [P976947 T977025 WorkThread@decoder_cpu.cpp:444 | process sid: 0  input buff size: 4682 output buff size: 12441600]
[2023-12-04 13:34:20.123] [erro] [CODEC] [P976947 T977025 WorkThread@decoder_cpu.cpp:444 | process sid: 0  input buff size: 4311 output buff size: 12441600]
[2023-12-04 13:34:20.223] [erro] [CODEC] [P976947 T977025 WorkThread@decoder_cpu.cpp:444 | process sid: 0  input buff size: 3972 output buff size: 12441600]
[2023-12-04 13:34:20.323] [erro] [CODEC] [P976947 T977025 WorkThread@decoder_cpu.cpp:444 | process sid: 0  input buff size: 4181 output buff size: 12441600]
[2023-12-04 13:34:20.423] [erro] [CODEC] [P976947 T977025 WorkThread@decoder_cpu.cpp:444 | process sid: 0  input buff size: 3665 output buff size: 12441600]
[2023-12-04 13:34:20.523] [erro] [CODEC] [P976947 T977025 WorkThread@decoder_cpu.cpp:444 | process sid: 0  input buff size: 3757 output buff size: 12441600]
[2023-12-04 13:34:20.623] [erro] [CODEC] [P976947 T977025 WorkThread@decoder_cpu.cpp:444 | process sid: 0  input buff size: 3400 output buff size: 12441600]
[2023-12-04 13:34:20.723] [erro] [CODEC] [P976947 T977025 WorkThread@decoder_cpu.cpp:444 | process sid: 0  input buff size: 3399 output buff size: 12441600]
[2023-12-04 13:34:20.823] [erro] [CODEC] [P976947 T977025 WorkThread@decoder_cpu.cpp:444 | process sid: 0  input buff size: 99957 output buff size: 12441600]
[2023-12-04 13:34:20.923] [erro] [CODEC] [P976947 T977025 WorkThread@decoder_cpu.cpp:444 | process sid: 0  input buff size: 4351 output buff size: 12441600]
[2023-12-04 13:34:21.024] [erro] [CODEC] [P976947 T977025 WorkThread@decoder_cpu.cpp:444 | process sid: 0  input buff size: 4298 output buff size: 12441600]
[2023-12-04 13:34:21.124] [erro] [CODEC] [P976947 T977025 WorkThread@decoder_cpu.cpp:444 | process sid: 0  input buff size: 4054 output buff size: 12441600]
[2023-12-04 13:34:21.224] [erro] [CODEC] [P976947 T977025 WorkThread@decoder_cpu.cpp:444 | process sid: 0  input buff size: 3866 output buff size: 12441600]
[2023-12-04 13:34:21.325] [erro] [CODEC] [P976947 T977025 WorkThread@decoder_cpu.cpp:444 | process sid: 0  input buff size: 3874 output buff size: 12441600]
[2023-12-04 13:34:21.424] [erro] [CODEC] [P976947 T977025 WorkThread@decoder_cpu.cpp:444 | process sid: 0  input buff size: 3741 output buff size: 12441600]
[2023-12-04 13:34:21.523] [erro] [CODEC] [P976947 T977025 WorkThread@decoder_cpu.cpp:444 | process sid: 0  input buff size: 3603 output buff size: 12441600]
[2023-12-04 13:34:21.623] [erro] [CODEC] [P976947 T977025 WorkThread@decoder_cpu.cpp:444 | process sid: 0  input buff size: 3791 output buff size: 12441600]
[2023-12-04 13:34:21.723] [erro] [CODEC] [P976947 T977025 WorkThread@decoder_cpu.cpp:444 | process sid: 0  input buff size: 3998 output buff size: 12441600]
[2023-12-04 13:34:21.823] [erro] [CODEC] [P976947 T977025 WorkThread@decoder_cpu.cpp:444 | process sid: 0  input buff size: 3674 output buff size: 12441600]
[2023-12-04 13:34:21.923] [erro] [CODEC] [P976947 T977025 WorkThread@decoder_cpu.cpp:444 | process sid: 0  input buff size: 3638 output buff size: 12441600]
[2023-12-04 13:34:22.023] [erro] [CODEC] [P976947 T977025 WorkThread@decoder_cpu.cpp:444 | process sid: 0  input buff size: 3446 output buff size: 12441600]
[2023-12-04 13:34:22.123] [erro] [CODEC] [P976947 T977025 WorkThread@decoder_cpu.cpp:444 | process sid: 0  input buff size: 3495 output buff size: 12441600]
[2023-12-04 13:34:22.223] [erro] [CODEC] [P976947 T977025 WorkThread@decoder_cpu.cpp:444 | process sid: 0  input buff size: 3574 output buff size: 12441600]
[2023-12-04 13:34:22.323] [erro] [CODEC] [P976947 T977025 WorkThread@decoder_cpu.cpp:444 | process sid: 0  input buff size: 3688 output buff size: 12441600]
[2023-12-04 13:34:22.423] [erro] [CODEC] [P976947 T977025 WorkThread@decoder_cpu.cpp:444 | process sid: 0  input buff size: 100117 output buff size: 12441600]
[2023-12-04 13:34:22.523] [erro] [CODEC] [P976947 T977025 WorkThread@decoder_cpu.cpp:444 | process sid: 0  input buff size: 4818 output buff size: 12441600]
[2023-12-04 13:34:22.624] [erro] [CODEC] [P976947 T977025 WorkThread@decoder_cpu.cpp:444 | process sid: 0  input buff size: 4680 output buff size: 12441600]
[2023-12-04 13:34:22.724] [erro] [CODEC] [P976947 T977025 WorkThread@decoder_cpu.cpp:444 | process sid: 0  input buff size: 4628 output buff size: 12441600]
[2023-12-04 13:34:22.824] [erro] [CODEC] [P976947 T977025 WorkThread@decoder_cpu.cpp:444 | process sid: 0  input buff size: 5033 output buff size: 12441600]
[2023-12-04 13:34:22.924] [erro] [CODEC] [P976947 T977025 WorkThread@decoder_cpu.cpp:444 | process sid: 0  input buff size: 4904 output buff size: 12441600]
[2023-12-04 13:34:23.024] [erro] [CODEC] [P976947 T977025 WorkThread@decoder_cpu.cpp:444 | process sid: 0  input buff size: 4758 output buff size: 12441600]
[2023-12-04 13:34:23.124] [erro] [CODEC] [P976947 T977025 WorkThread@decoder_cpu.cpp:444 | process sid: 0  input buff size: 4500 output buff size: 12441600]
[2023-12-04 13:34:23.223] [erro] [CODEC] [P976947 T977025 WorkThread@decoder_cpu.cpp:444 | process sid: 0  input buff size: 4543 output buff size: 12441600]
[2023-12-04 13:34:23.323] [erro] [CODEC] [P976947 T977025 WorkThread@decoder_cpu.cpp:444 | process sid: 0  input buff size: 4571 output buff size: 12441600]
[2023-12-04 13:34:23.423] [erro] [CODEC] [P976947 T977025 WorkThread@decoder_cpu.cpp:444 | process sid: 0  input buff size: 4672 output buff size: 12441600]
[2023-12-04 13:34:23.523] [erro] [CODEC] [P976947 T977025 WorkThread@decoder_cpu.cpp:444 | process sid: 0  input buff size: 4367 output buff size: 12441600]
[2023-12-04 13:34:23.623] [erro] [CODEC] [P976947 T977025 WorkThread@decoder_cpu.cpp:444 | process sid: 0  input buff size: 4244 output buff size: 12441600]
[2023-12-04 13:34:23.723] [erro] [CODEC] [P976947 T977025 WorkThread@decoder_cpu.cpp:444 | process sid: 0  input buff size: 4407 output buff size: 12441600]
[2023-12-04 13:34:23.823] [erro] [CODEC] [P976947 T977025 WorkThread@decoder_cpu.cpp:444 | process sid: 0  input buff size: 4200 output buff size: 12441600]
[2023-12-04 13:34:23.923] [erro] [CODEC] [P976947 T977025 WorkThread@decoder_cpu.cpp:444 | process sid: 0  input buff size: 3990 output buff size: 12441600]
[2023-12-04 13:34:24.024] [erro] [CODEC] [P976947 T977025 WorkThread@decoder_cpu.cpp:444 | process sid: 0  input buff size: 100147 output buff size: 12441600]
[2023-12-04 13:34:24.123] [erro] [CODEC] [P976947 T977025 WorkThread@decoder_cpu.cpp:444 | process sid: 0  input buff size: 4965 output buff size: 12441600]
[2023-12-04 13:34:24.223] [erro] [CODEC] [P976947 T977025 WorkThread@decoder_cpu.cpp:444 | process sid: 0  input buff size: 4489 output buff size: 12441600]
[2023-12-04 13:34:24.324] [erro] [CODEC] [P976947 T977025 WorkThread@decoder_cpu.cpp:444 | process sid: 0  input buff size: 5102 output buff size: 12441600]
[2023-12-04 13:34:24.423] [erro] [CODEC] [P976947 T977025 WorkThread@decoder_cpu.cpp:444 | process sid: 0  input buff size: 5307 output buff size: 12441600]
[2023-12-04 13:34:24.523] [erro] [CODEC] [P976947 T977025 WorkThread@decoder_cpu.cpp:444 | process sid: 0  input buff size: 5386 output buff size: 12441600]
[2023-12-04 13:34:24.624] [erro] [CODEC] [P976947 T977025 WorkThread@decoder_cpu.cpp:444 | process sid: 0  input buff size: 6699 output buff size: 12441600]
[2023-12-04 13:34:24.724] [erro] [CODEC] [P976947 T977025 WorkThread@decoder_cpu.cpp:444 | process sid: 0  input buff size: 5898 output buff size: 12441600]
[2023-12-04 13:34:24.823] [erro] [CODEC] [P976947 T977025 WorkThread@decoder_cpu.cpp:444 | process sid: 0  input buff size: 6378 output buff size: 12441600]
[2023-12-04 13:34:24.923] [erro] [CODEC] [P976947 T977025 WorkThread@decoder_cpu.cpp:444 | process sid: 0  input buff size: 6299 output buff size: 12441600]
[2023-12-04 13:34:25.023] [erro] [CODEC] [P976947 T977025 WorkThread@decoder_cpu.cpp:444 | process sid: 0  input buff size: 6485 output buff size: 12441600]
[2023-12-04 13:34:25.123] [erro] [CODEC] [P976947 T977025 WorkThread@decoder_cpu.cpp:444 | process sid: 0  input buff size: 6383 output buff size: 12441600]
[2023-12-04 13:34:25.224] [erro] [CODEC] [P976947 T977025 WorkThread@decoder_cpu.cpp:444 | process sid: 0  input buff size: 5676 output buff size: 12441600]
[2023-12-04 13:34:25.324] [erro] [CODEC] [P976947 T977025 WorkThread@decoder_cpu.cpp:444 | process sid: 0  input buff size: 5611 output buff size: 12441600]
[2023-12-04 13:34:25.423] [erro] [CODEC] [P976947 T977025 WorkThread@decoder_cpu.cpp:444 | process sid: 0  input buff size: 5861 output buff size: 12441600]
[2023-12-04 13:34:25.523] [erro] [CODEC] [P976947 T977025 WorkThread@decoder_cpu.cpp:444 | process sid: 0  input buff size: 5962 output buff size: 12441600]
[2023-12-04 13:34:25.624] [erro] [CODEC] [P976947 T977025 WorkThread@decoder_cpu.cpp:444 | process sid: 0  input buff size: 97303 output buff size: 12441600]
[2023-12-04 13:34:25.723] [erro] [CODEC] [P976947 T977025 WorkThread@decoder_cpu.cpp:444 | process sid: 0  input buff size: 6304 output buff size: 12441600]
[2023-12-04 13:34:25.824] [erro] [CODEC] [P976947 T977025 WorkThread@decoder_cpu.cpp:444 | process sid: 0  input buff size: 6383 output buff size: 12441600]
[2023-12-04 13:34:25.924] [erro] [CODEC] [P976947 T977025 WorkThread@decoder_cpu.cpp:444 | process sid: 0  input buff size: 5670 output buff size: 12441600]
[2023-12-04 13:34:26.024] [erro] [CODEC] [P976947 T977025 WorkThread@decoder_cpu.cpp:444 | process sid: 0  input buff size: 5516 output buff size: 12441600]
[2023-12-04 13:34:26.124] [erro] [CODEC] [P976947 T977025 WorkThread@decoder_cpu.cpp:444 | process sid: 0  input buff size: 5748 output buff size: 12441600]
[2023-12-04 13:34:26.224] [erro] [CODEC] [P976947 T977025 WorkThread@decoder_cpu.cpp:444 | process sid: 0  input buff size: 6257 output buff size: 12441600]
[2023-12-04 13:34:26.324] [erro] [CODEC] [P976947 T977025 WorkThread@decoder_cpu.cpp:444 | process sid: 0  input buff size: 5366 output buff size: 12441600]
[2023-12-04 13:34:26.424] [erro] [CODEC] [P976947 T977025 WorkThread@decoder_cpu.cpp:444 | process sid: 0  input buff size: 5129 output buff size: 12441600]
[2023-12-04 13:34:26.523] [erro] [CODEC] [P976947 T977025 WorkThread@decoder_cpu.cpp:444 | process sid: 0  input buff size: 4677 output buff size: 12441600]
[2023-12-04 13:34:26.623] [erro] [CODEC] [P976947 T977025 WorkThread@decoder_cpu.cpp:444 | process sid: 0  input buff size: 4669 output buff size: 12441600]
[2023-12-04 13:34:26.728] [erro] [CODEC] [P976947 T977025 WorkThread@decoder_cpu.cpp:444 | process sid: 0  input buff size: 4670 output buff size: 12441600]
[2023-12-04 13:34:26.826] [erro] [CODEC] [P976947 T977025 WorkThread@decoder_cpu.cpp:444 | process sid: 0  input buff size: 4664 output buff size: 12441600]
[2023-12-04 13:34:26.927] [erro] [CODEC] [P976947 T977025 WorkThread@decoder_cpu.cpp:444 | process sid: 0  input buff size: 5427 output buff size: 12441600]
[2023-12-04 13:34:27.026] [erro] [CODEC] [P976947 T977025 WorkThread@decoder_cpu.cpp:444 | process sid: 0  input buff size: 5237 output buff size: 12441600]
[2023-12-04 13:34:27.126] [erro] [CODEC] [P976947 T977025 WorkThread@decoder_cpu.cpp:444 | process sid: 0  input buff size: 5074 output buff size: 12441600]
[2023-12-04 13:34:27.225] [erro] [CODEC] [P976947 T977025 WorkThread@decoder_cpu.cpp:444 | process sid: 0  input buff size: 91218 output buff size: 12441600]
[2023-12-04 13:34:27.326] [erro] [CODEC] [P976947 T977025 WorkThread@decoder_cpu.cpp:444 | process sid: 0  input buff size: 5198 output buff size: 12441600]
[2023-12-04 13:34:27.427] [erro] [CODEC] [P976947 T977025 WorkThread@decoder_cpu.cpp:444 | process sid: 0  input buff size: 5076 output buff size: 12441600]
[2023-12-04 13:34:27.525] [erro] [CODEC] [P976947 T977025 WorkThread@decoder_cpu.cpp:444 | process sid: 0  input buff size: 5140 output buff size: 12441600]
[2023-12-04 13:34:27.626] [erro] [CODEC] [P976947 T977025 WorkThread@decoder_cpu.cpp:444 | process sid: 0  input buff size: 5051 output buff size: 12441600]
[2023-12-04 13:34:27.724] [erro] [CODEC] [P976947 T977025 WorkThread@decoder_cpu.cpp:444 | process sid: 0  input buff size: 5518 output buff size: 12441600]
[2023-12-04 13:34:27.824] [erro] [CODEC] [P976947 T977025 WorkThread@decoder_cpu.cpp:444 | process sid: 0  input buff size: 5699 output buff size: 12441600]
[2023-12-04 13:34:27.924] [erro] [CODEC] [P976947 T977025 WorkThread@decoder_cpu.cpp:444 | process sid: 0  input buff size: 5687 output buff size: 12441600]
[2023-12-04 13:34:28.024] [erro] [CODEC] [P976947 T977025 WorkThread@decoder_cpu.cpp:444 | process sid: 0  input buff size: 5779 output buff size: 12441600]
[2023-12-04 13:34:28.123] [erro] [CODEC] [P976947 T977025 WorkThread@decoder_cpu.cpp:444 | process sid: 0  input buff size: 6322 output buff size: 12441600]
[2023-12-04 13:34:28.223] [erro] [CODEC] [P976947 T977025 WorkThread@decoder_cpu.cpp:444 | process sid: 0  input buff size: 6116 output buff size: 12441600]
[2023-12-04 13:34:28.323] [erro] [CODEC] [P976947 T977025 WorkThread@decoder_cpu.cpp:444 | process sid: 0  input buff size: 6296 output buff size: 12441600]
[2023-12-04 13:34:28.423] [erro] [CODEC] [P976947 T977025 WorkThread@decoder_cpu.cpp:444 | process sid: 0  input buff size: 6639 output buff size: 12441600]
[2023-12-04 13:34:28.523] [erro] [CODEC] [P976947 T977025 WorkThread@decoder_cpu.cpp:444 | process sid: 0  input buff size: 6439 output buff size: 12441600]
[2023-12-04 13:34:28.623] [erro] [CODEC] [P976947 T977025 WorkThread@decoder_cpu.cpp:444 | process sid: 0  input buff size: 6348 output buff size: 12441600]
[2023-12-04 13:34:28.723] [erro] [CODEC] [P976947 T977025 WorkThread@decoder_cpu.cpp:444 | process sid: 0  input buff size: 6788 output buff size: 12441600]
[2023-12-04 13:34:28.824] [erro] [CODEC] [P976947 T977025 WorkThread@decoder_cpu.cpp:444 | process sid: 0  input buff size: 90042 output buff size: 12441600]
[2023-12-04 13:34:28.923] [erro] [CODEC] [P976947 T977025 WorkThread@decoder_cpu.cpp:444 | process sid: 0  input buff size: 7418 output buff size: 12441600]
[2023-12-04 13:34:29.023] [erro] [CODEC] [P976947 T977025 WorkThread@decoder_cpu.cpp:444 | process sid: 0  input buff size: 7569 output buff size: 12441600]
[2023-12-04 13:34:29.124] [erro] [CODEC] [P976947 T977025 WorkThread@decoder_cpu.cpp:444 | process sid: 0  input buff size: 6977 output buff size: 12441600]
[2023-12-04 13:34:29.223] [erro] [CODEC] [P976947 T977025 WorkThread@decoder_cpu.cpp:444 | process sid: 0  input buff size: 6976 output buff size: 12441600]
[2023-12-04 13:34:29.323] [erro] [CODEC] [P976947 T977025 WorkThread@decoder_cpu.cpp:444 | process sid: 0  input buff size: 7101 output buff size: 12441600]
[2023-12-04 13:34:29.424] [erro] [CODEC] [P976947 T977025 WorkThread@decoder_cpu.cpp:444 | process sid: 0  input buff size: 7250 output buff size: 12441600]
[2023-12-04 13:34:35.824] [erro] [CODEC] [P977543 T977543 Init@decoder_cpu.cpp:147 | decoder_cpu init success.   id=0]
[2023-12-04 13:34:35.826] [erro] [CODEC] [P977543 T977543 Init@decoder_cpu.cpp:147 | decoder_cpu init success.   id=1]
[2023-12-04 13:34:35.828] [erro] [CODEC] [P977543 T977543 Init@decoder_cpu.cpp:147 | decoder_cpu init success.   id=3]
[2023-12-04 13:34:35.831] [erro] [CODEC] [P977543 T977543 Init@decoder_cpu.cpp:147 | decoder_cpu init success.   id=4]
[2023-12-04 13:34:35.833] [erro] [CODEC] [P977543 T977543 Init@decoder_cpu.cpp:147 | decoder_cpu init success.   id=5]
[2023-12-04 13:34:35.835] [erro] [CODEC] [P977543 T977543 Init@decoder_cpu.cpp:147 | decoder_cpu init success.   id=6]
[2023-12-04 13:34:35.837] [erro] [CODEC] [P977543 T977543 Init@decoder_cpu.cpp:147 | decoder_cpu init success.   id=7]
[2023-12-04 13:34:35.838] [erro] [CODEC] [P977543 T977543 Init@decoder_cpu.cpp:155 | DecoderCpu init done!]
[2023-12-04 13:34:35.880] [erro] [CODEC] [P977543 T977622 WorkThread@decoder_cpu.cpp:444 | process sid: 0  input buff size: 52990 output buff size: 0]
[2023-12-04 13:34:35.880] [erro] [CODEC] [P977543 T977622 WorkThread@decoder_cpu.cpp:448 | Cm proxy is not ready. Topic: /soc/camera_0]
[2023-12-04 13:34:36.414] [erro] [CODEC] [P977543 T977622 WorkThread@decoder_cpu.cpp:444 | process sid: 0  input buff size: 22541 output buff size: 0]
[2023-12-04 13:34:36.414] [erro] [CODEC] [P977543 T977622 WorkThread@decoder_cpu.cpp:448 | Cm proxy is not ready. Topic: /soc/camera_0]
[2023-12-04 13:34:36.514] [erro] [CODEC] [P977543 T977622 WorkThread@decoder_cpu.cpp:444 | process sid: 0  input buff size: 21473 output buff size: 0]
[2023-12-04 13:34:36.514] [erro] [CODEC] [P977543 T977622 WorkThread@decoder_cpu.cpp:448 | Cm proxy is not ready. Topic: /soc/camera_0]
[2023-12-04 13:34:36.614] [erro] [CODEC] [P977543 T977622 WorkThread@decoder_cpu.cpp:444 | process sid: 0  input buff size: 21104 output buff size: 0]
[2023-12-04 13:34:36.614] [erro] [CODEC] [P977543 T977622 WorkThread@decoder_cpu.cpp:448 | Cm proxy is not ready. Topic: /soc/camera_0]
[2023-12-04 13:34:36.714] [erro] [CODEC] [P977543 T977622 WorkThread@decoder_cpu.cpp:444 | process sid: 0  input buff size: 21185 output buff size: 0]
[2023-12-04 13:34:36.714] [erro] [CODEC] [P977543 T977622 WorkThread@decoder_cpu.cpp:448 | Cm proxy is not ready. Topic: /soc/camera_0]
[2023-12-04 13:34:36.814] [erro] [CODEC] [P977543 T977622 WorkThread@decoder_cpu.cpp:444 | process sid: 0  input buff size: 21985 output buff size: 0]
[2023-12-04 13:34:36.814] [erro] [CODEC] [P977543 T977622 WorkThread@decoder_cpu.cpp:448 | Cm proxy is not ready. Topic: /soc/camera_0]
[2023-12-04 13:34:36.928] [erro] [CODEC] [P977543 T977622 WorkThread@decoder_cpu.cpp:444 | process sid: 0  input buff size: 21424 output buff size: 12441600]
[2023-12-04 13:34:36.928] [erro] [CODEC] [P977543 T977622 WorkThread@decoder_cpu.cpp:448 | Cm proxy is not ready. Topic: /soc/camera_0]
[2023-12-04 13:34:37.031] [erro] [CODEC] [P977543 T977622 WorkThread@decoder_cpu.cpp:444 | process sid: 0  input buff size: 23502 output buff size: 12441600]
[2023-12-04 13:34:37.031] [erro] [CODEC] [P977543 T977622 WorkThread@decoder_cpu.cpp:448 | Cm proxy is not ready. Topic: /soc/camera_0]
[2023-12-04 13:34:37.128] [erro] [CODEC] [P977543 T977622 WorkThread@decoder_cpu.cpp:444 | process sid: 0  input buff size: 22109 output buff size: 12441600]
[2023-12-04 13:34:37.128] [erro] [CODEC] [P977543 T977622 WorkThread@decoder_cpu.cpp:448 | Cm proxy is not ready. Topic: /soc/camera_0]
[2023-12-04 13:34:37.217] [erro] [CODEC] [P977543 T977622 WorkThread@decoder_cpu.cpp:444 | process sid: 0  input buff size: 22620 output buff size: 12441600]
[2023-12-04 13:34:37.217] [erro] [CODEC] [P977543 T977622 WorkThread@decoder_cpu.cpp:448 | Cm proxy is not ready. Topic: /soc/camera_0]
[2023-12-04 13:34:37.326] [erro] [CODEC] [P977543 T977622 WorkThread@decoder_cpu.cpp:444 | process sid: 0  input buff size: 22266 output buff size: 12441600]
[2023-12-04 13:34:37.326] [erro] [CODEC] [P977543 T977622 WorkThread@decoder_cpu.cpp:448 | Cm proxy is not ready. Topic: /soc/camera_0]
[2023-12-04 13:34:37.417] [erro] [CODEC] [P977543 T977622 WorkThread@decoder_cpu.cpp:444 | process sid: 0  input buff size: 24542 output buff size: 12441600]
[2023-12-04 13:34:37.417] [erro] [CODEC] [P977543 T977622 WorkThread@decoder_cpu.cpp:448 | Cm proxy is not ready. Topic: /soc/camera_0]
[2023-12-04 13:34:37.517] [erro] [CODEC] [P977543 T977622 WorkThread@decoder_cpu.cpp:444 | process sid: 0  input buff size: 22737 output buff size: 12441600]
[2023-12-04 13:34:37.517] [erro] [CODEC] [P977543 T977622 WorkThread@decoder_cpu.cpp:448 | Cm proxy is not ready. Topic: /soc/camera_0]
[2023-12-04 13:34:37.617] [erro] [CODEC] [P977543 T977622 WorkThread@decoder_cpu.cpp:444 | process sid: 0  input buff size: 22651 output buff size: 12441600]
[2023-12-04 13:34:37.617] [erro] [CODEC] [P977543 T977622 WorkThread@decoder_cpu.cpp:448 | Cm proxy is not ready. Topic: /soc/camera_0]
[2023-12-04 13:34:37.725] [erro] [CODEC] [P977543 T977622 WorkThread@decoder_cpu.cpp:444 | process sid: 0  input buff size: 23692 output buff size: 12441600]
[2023-12-04 13:34:37.725] [erro] [CODEC] [P977543 T977622 WorkThread@decoder_cpu.cpp:448 | Cm proxy is not ready. Topic: /soc/camera_0]
[2023-12-04 13:34:37.816] [erro] [CODEC] [P977543 T977622 WorkThread@decoder_cpu.cpp:444 | process sid: 0  input buff size: 27939 output buff size: 12441600]
[2023-12-04 13:34:37.817] [erro] [CODEC] [P977543 T977622 WorkThread@decoder_cpu.cpp:448 | Cm proxy is not ready. Topic: /soc/camera_0]
[2023-12-04 13:34:37.917] [erro] [CODEC] [P977543 T977622 WorkThread@decoder_cpu.cpp:444 | process sid: 0  input buff size: 64486 output buff size: 12441600]
[2023-12-04 13:34:37.917] [erro] [CODEC] [P977543 T977622 WorkThread@decoder_cpu.cpp:448 | Cm proxy is not ready. Topic: /soc/camera_0]
[2023-12-04 13:34:38.017] [erro] [CODEC] [P977543 T977622 WorkThread@decoder_cpu.cpp:444 | process sid: 0  input buff size: 25130 output buff size: 12441600]
[2023-12-04 13:34:38.017] [erro] [CODEC] [P977543 T977622 WorkThread@decoder_cpu.cpp:448 | Cm proxy is not ready. Topic: /soc/camera_0]
[2023-12-04 13:34:38.117] [erro] [CODEC] [P977543 T977622 WorkThread@decoder_cpu.cpp:444 | process sid: 0  input buff size: 27076 output buff size: 12441600]
[2023-12-04 13:34:38.117] [erro] [CODEC] [P977543 T977622 WorkThread@decoder_cpu.cpp:448 | Cm proxy is not ready. Topic: /soc/camera_0]
[2023-12-04 13:34:38.226] [erro] [CODEC] [P977543 T977622 WorkThread@decoder_cpu.cpp:444 | process sid: 0  input buff size: 26768 output buff size: 12441600]
[2023-12-04 13:34:38.226] [erro] [CODEC] [P977543 T977622 WorkThread@decoder_cpu.cpp:448 | Cm proxy is not ready. Topic: /soc/camera_0]
[2023-12-04 13:34:38.317] [erro] [CODEC] [P977543 T977622 WorkThread@decoder_cpu.cpp:444 | process sid: 0  input buff size: 27869 output buff size: 12441600]
[2023-12-04 13:34:38.317] [erro] [CODEC] [P977543 T977622 WorkThread@decoder_cpu.cpp:448 | Cm proxy is not ready. Topic: /soc/camera_0]
[2023-12-04 13:34:38.417] [erro] [CODEC] [P977543 T977622 WorkThread@decoder_cpu.cpp:444 | process sid: 0  input buff size: 27218 output buff size: 12441600]
[2023-12-04 13:34:38.417] [erro] [CODEC] [P977543 T977622 WorkThread@decoder_cpu.cpp:448 | Cm proxy is not ready. Topic: /soc/camera_0]
[2023-12-04 13:34:38.525] [erro] [CODEC] [P977543 T977622 WorkThread@decoder_cpu.cpp:444 | process sid: 0  input buff size: 28110 output buff size: 12441600]
[2023-12-04 13:34:38.525] [erro] [CODEC] [P977543 T977622 WorkThread@decoder_cpu.cpp:448 | Cm proxy is not ready. Topic: /soc/camera_0]
[2023-12-04 13:34:38.617] [erro] [CODEC] [P977543 T977622 WorkThread@decoder_cpu.cpp:444 | process sid: 0  input buff size: 27175 output buff size: 12441600]
[2023-12-04 13:34:38.617] [erro] [CODEC] [P977543 T977622 WorkThread@decoder_cpu.cpp:448 | Cm proxy is not ready. Topic: /soc/camera_0]
[2023-12-04 13:34:38.716] [erro] [CODEC] [P977543 T977622 WorkThread@decoder_cpu.cpp:444 | process sid: 0  input buff size: 28991 output buff size: 12441600]
[2023-12-04 13:34:38.716] [erro] [CODEC] [P977543 T977622 WorkThread@decoder_cpu.cpp:448 | Cm proxy is not ready. Topic: /soc/camera_0]
[2023-12-04 13:34:38.825] [erro] [CODEC] [P977543 T977622 WorkThread@decoder_cpu.cpp:444 | process sid: 0  input buff size: 28585 output buff size: 12441600]
[2023-12-04 13:34:38.825] [erro] [CODEC] [P977543 T977622 WorkThread@decoder_cpu.cpp:448 | Cm proxy is not ready. Topic: /soc/camera_0]
[2023-12-04 13:34:38.916] [erro] [CODEC] [P977543 T977622 WorkThread@decoder_cpu.cpp:444 | process sid: 0  input buff size: 28640 output buff size: 12441600]
[2023-12-04 13:34:38.916] [erro] [CODEC] [P977543 T977622 WorkThread@decoder_cpu.cpp:448 | Cm proxy is not ready. Topic: /soc/camera_0]
[2023-12-04 13:34:39.025] [erro] [CODEC] [P977543 T977622 WorkThread@decoder_cpu.cpp:444 | process sid: 0  input buff size: 29279 output buff size: 12441600]
[2023-12-04 13:34:39.025] [erro] [CODEC] [P977543 T977622 WorkThread@decoder_cpu.cpp:448 | Cm proxy is not ready. Topic: /soc/camera_0]
[2023-12-04 13:34:39.117] [erro] [CODEC] [P977543 T977622 WorkThread@decoder_cpu.cpp:444 | process sid: 0  input buff size: 28685 output buff size: 12441600]
[2023-12-04 13:34:39.117] [erro] [CODEC] [P977543 T977622 WorkThread@decoder_cpu.cpp:448 | Cm proxy is not ready. Topic: /soc/camera_0]
[2023-12-04 13:34:39.217] [erro] [CODEC] [P977543 T977622 WorkThread@decoder_cpu.cpp:444 | process sid: 0  input buff size: 30778 output buff size: 12441600]
[2023-12-04 13:34:39.217] [erro] [CODEC] [P977543 T977622 WorkThread@decoder_cpu.cpp:448 | Cm proxy is not ready. Topic: /soc/camera_0]
[2023-12-04 13:34:39.325] [erro] [CODEC] [P977543 T977622 WorkThread@decoder_cpu.cpp:444 | process sid: 0  input buff size: 29510 output buff size: 12441600]
[2023-12-04 13:34:39.325] [erro] [CODEC] [P977543 T977622 WorkThread@decoder_cpu.cpp:448 | Cm proxy is not ready. Topic: /soc/camera_0]
[2023-12-04 13:34:39.417] [erro] [CODEC] [P977543 T977622 WorkThread@decoder_cpu.cpp:444 | process sid: 0  input buff size: 29882 output buff size: 12441600]
[2023-12-04 13:34:39.417] [erro] [CODEC] [P977543 T977622 WorkThread@decoder_cpu.cpp:448 | Cm proxy is not ready. Topic: /soc/camera_0]
[2023-12-04 13:34:39.525] [erro] [CODEC] [P977543 T977622 WorkThread@decoder_cpu.cpp:444 | process sid: 0  input buff size: 69402 output buff size: 12441600]
[2023-12-04 13:34:39.525] [erro] [CODEC] [P977543 T977622 WorkThread@decoder_cpu.cpp:448 | Cm proxy is not ready. Topic: /soc/camera_0]
[2023-12-04 13:34:39.617] [erro] [CODEC] [P977543 T977622 WorkThread@decoder_cpu.cpp:444 | process sid: 0  input buff size: 29520 output buff size: 12441600]
[2023-12-04 13:34:39.617] [erro] [CODEC] [P977543 T977622 WorkThread@decoder_cpu.cpp:448 | Cm proxy is not ready. Topic: /soc/camera_0]
[2023-12-04 13:34:39.717] [erro] [CODEC] [P977543 T977622 WorkThread@decoder_cpu.cpp:444 | process sid: 0  input buff size: 30854 output buff size: 12441600]
[2023-12-04 13:34:39.717] [erro] [CODEC] [P977543 T977622 WorkThread@decoder_cpu.cpp:448 | Cm proxy is not ready. Topic: /soc/camera_0]
[2023-12-04 13:34:39.816] [erro] [CODEC] [P977543 T977622 WorkThread@decoder_cpu.cpp:444 | process sid: 0  input buff size: 30326 output buff size: 12441600]
[2023-12-04 13:34:39.816] [erro] [CODEC] [P977543 T977622 WorkThread@decoder_cpu.cpp:448 | Cm proxy is not ready. Topic: /soc/camera_0]
[2023-12-04 13:34:42.117] [erro] [CODEC] [P977543 T977622 WorkThread@decoder_cpu.cpp:444 | process sid: 0  input buff size: 31153 output buff size: 12441600]
[2023-12-04 13:34:42.117] [erro] [CODEC] [P977543 T977622 WorkThread@decoder_cpu.cpp:448 | Cm proxy is not ready. Topic: /soc/camera_0]
[2023-12-04 13:34:42.206] [erro] [CODEC] [P977543 T977622 WorkThread@decoder_cpu.cpp:444 | process sid: 0  input buff size: 28854 output buff size: 12441600]
[2023-12-04 13:34:42.206] [erro] [CODEC] [P977543 T977622 WorkThread@decoder_cpu.cpp:448 | Cm proxy is not ready. Topic: /soc/camera_0]
[2023-12-04 13:34:42.317] [erro] [CODEC] [P977543 T977622 WorkThread@decoder_cpu.cpp:444 | process sid: 0  input buff size: 27769 output buff size: 12441600]
[2023-12-04 13:34:42.317] [erro] [CODEC] [P977543 T977622 WorkThread@decoder_cpu.cpp:448 | Cm proxy is not ready. Topic: /soc/camera_0]
[2023-12-04 13:34:42.406] [erro] [CODEC] [P977543 T977622 WorkThread@decoder_cpu.cpp:444 | process sid: 0  input buff size: 26864 output buff size: 12441600]
[2023-12-04 13:34:42.406] [erro] [CODEC] [P977543 T977622 WorkThread@decoder_cpu.cpp:448 | Cm proxy is not ready. Topic: /soc/camera_0]
[2023-12-04 13:34:49.418] [erro] [CODEC] [P977543 T977622 WorkThread@decoder_cpu.cpp:444 | process sid: 0  input buff size: 26323 output buff size: 12441600]
[2023-12-04 13:34:52.405] [erro] [CODEC] [P977543 T977622 WorkThread@decoder_cpu.cpp:444 | process sid: 0  input buff size: 25152 output buff size: 12441600]
[2023-12-04 13:34:52.511] [erro] [CODEC] [P977543 T977622 WorkThread@decoder_cpu.cpp:444 | process sid: 0  input buff size: 23803 output buff size: 12441600]
[2023-12-04 13:34:52.608] [erro] [CODEC] [P977543 T977622 WorkThread@decoder_cpu.cpp:444 | process sid: 0  input buff size: 22623 output buff size: 12441600]
[2023-12-04 13:34:52.707] [erro] [CODEC] [P977543 T977622 WorkThread@decoder_cpu.cpp:444 | process sid: 0  input buff size: 22192 output buff size: 12441600]
[2023-12-04 13:34:52.807] [erro] [CODEC] [P977543 T977622 WorkThread@decoder_cpu.cpp:444 | process sid: 0  input buff size: 22860 output buff size: 12441600]
[2023-12-04 13:34:52.907] [erro] [CODEC] [P977543 T977622 WorkThread@decoder_cpu.cpp:444 | process sid: 0  input buff size: 22080 output buff size: 12441600]
[2023-12-04 13:34:53.004] [erro] [CODEC] [P977543 T977622 WorkThread@decoder_cpu.cpp:444 | process sid: 0  input buff size: 22226 output buff size: 12441600]
[2023-12-04 13:34:53.111] [erro] [CODEC] [P977543 T977622 WorkThread@decoder_cpu.cpp:444 | process sid: 0  input buff size: 57215 output buff size: 12441600]
[2023-12-04 13:34:53.206] [erro] [CODEC] [P977543 T977622 WorkThread@decoder_cpu.cpp:444 | process sid: 0  input buff size: 21466 output buff size: 12441600]
[2023-12-04 13:34:53.302] [erro] [CODEC] [P977543 T977622 WorkThread@decoder_cpu.cpp:444 | process sid: 0  input buff size: 23619 output buff size: 12441600]
[2023-12-04 13:34:53.405] [erro] [CODEC] [P977543 T977622 WorkThread@decoder_cpu.cpp:444 | process sid: 0  input buff size: 24161 output buff size: 12441600]
[2023-12-04 13:34:53.504] [erro] [CODEC] [P977543 T977622 WorkThread@decoder_cpu.cpp:444 | process sid: 0  input buff size: 24853 output buff size: 12441600]
[2023-12-04 13:34:53.610] [erro] [CODEC] [P977543 T977622 WorkThread@decoder_cpu.cpp:444 | process sid: 0  input buff size: 25240 output buff size: 12441600]
[2023-12-04 13:34:53.703] [erro] [CODEC] [P977543 T977622 WorkThread@decoder_cpu.cpp:444 | process sid: 0  input buff size: 25249 output buff size: 12441600]
[2023-12-04 13:34:53.807] [erro] [CODEC] [P977543 T977622 WorkThread@decoder_cpu.cpp:444 | process sid: 0  input buff size: 25326 output buff size: 12441600]
[2023-12-04 13:34:53.902] [erro] [CODEC] [P977543 T977622 WorkThread@decoder_cpu.cpp:444 | process sid: 0  input buff size: 24878 output buff size: 12441600]
[2023-12-04 13:34:54.001] [erro] [CODEC] [P977543 T977622 WorkThread@decoder_cpu.cpp:444 | process sid: 0  input buff size: 24450 output buff size: 12441600]
[2023-12-04 13:34:54.106] [erro] [CODEC] [P977543 T977622 WorkThread@decoder_cpu.cpp:444 | process sid: 0  input buff size: 25559 output buff size: 12441600]
[2023-12-04 13:34:54.212] [erro] [CODEC] [P977543 T977622 WorkThread@decoder_cpu.cpp:444 | process sid: 0  input buff size: 25027 output buff size: 12441600]
[2023-12-04 13:34:54.302] [erro] [CODEC] [P977543 T977622 WorkThread@decoder_cpu.cpp:444 | process sid: 0  input buff size: 26607 output buff size: 12441600]
[2023-12-04 13:34:54.410] [erro] [CODEC] [P977543 T977622 WorkThread@decoder_cpu.cpp:444 | process sid: 0  input buff size: 25717 output buff size: 12441600]
[2023-12-04 13:34:54.501] [erro] [CODEC] [P977543 T977622 WorkThread@decoder_cpu.cpp:444 | process sid: 0  input buff size: 25662 output buff size: 12441600]
[2023-12-04 13:34:54.601] [erro] [CODEC] [P977543 T977622 WorkThread@decoder_cpu.cpp:444 | process sid: 0  input buff size: 25263 output buff size: 12441600]
[2023-12-04 13:34:54.707] [erro] [CODEC] [P977543 T977622 WorkThread@decoder_cpu.cpp:444 | process sid: 0  input buff size: 56750 output buff size: 12441600]
[2023-12-04 13:34:54.803] [erro] [CODEC] [P977543 T977622 WorkThread@decoder_cpu.cpp:444 | process sid: 0  input buff size: 21665 output buff size: 12441600]
[2023-12-04 13:34:54.902] [erro] [CODEC] [P977543 T977622 WorkThread@decoder_cpu.cpp:444 | process sid: 0  input buff size: 22684 output buff size: 12441600]
[2023-12-04 13:34:55.003] [erro] [CODEC] [P977543 T977622 WorkThread@decoder_cpu.cpp:444 | process sid: 0  input buff size: 23018 output buff size: 12441600]
[2023-12-04 13:34:55.103] [erro] [CODEC] [P977543 T977622 WorkThread@decoder_cpu.cpp:444 | process sid: 0  input buff size: 22378 output buff size: 12441600]
[2023-12-04 13:34:55.202] [erro] [CODEC] [P977543 T977622 WorkThread@decoder_cpu.cpp:444 | process sid: 0  input buff size: 21451 output buff size: 12441600]
[2023-12-04 13:34:55.304] [erro] [CODEC] [P977543 T977622 WorkThread@decoder_cpu.cpp:444 | process sid: 0  input buff size: 21686 output buff size: 12441600]
[2023-12-04 13:34:55.403] [erro] [CODEC] [P977543 T977622 WorkThread@decoder_cpu.cpp:444 | process sid: 0  input buff size: 21584 output buff size: 12441600]
[2023-12-04 13:34:55.509] [erro] [CODEC] [P977543 T977622 WorkThread@decoder_cpu.cpp:444 | process sid: 0  input buff size: 22558 output buff size: 12441600]
[2023-12-04 13:34:55.603] [erro] [CODEC] [P977543 T977622 WorkThread@decoder_cpu.cpp:444 | process sid: 0  input buff size: 23904 output buff size: 12441600]
[2023-12-04 13:34:55.703] [erro] [CODEC] [P977543 T977622 WorkThread@decoder_cpu.cpp:444 | process sid: 0  input buff size: 22931 output buff size: 12441600]
[2023-12-04 13:34:55.802] [erro] [CODEC] [P977543 T977622 WorkThread@decoder_cpu.cpp:444 | process sid: 0  input buff size: 24070 output buff size: 12441600]
[2023-12-04 13:34:55.906] [erro] [CODEC] [P977543 T977622 WorkThread@decoder_cpu.cpp:444 | process sid: 0  input buff size: 24726 output buff size: 12441600]
[2023-12-04 13:34:56.002] [erro] [CODEC] [P977543 T977622 WorkThread@decoder_cpu.cpp:444 | process sid: 0  input buff size: 25121 output buff size: 12441600]
[2023-12-04 13:34:56.106] [erro] [CODEC] [P977543 T977622 WorkThread@decoder_cpu.cpp:444 | process sid: 0  input buff size: 23989 output buff size: 12441600]
[2023-12-04 13:34:56.204] [erro] [CODEC] [P977543 T977622 WorkThread@decoder_cpu.cpp:444 | process sid: 0  input buff size: 27038 output buff size: 12441600]
[2023-12-04 13:34:56.301] [erro] [CODEC] [P977543 T977622 WorkThread@decoder_cpu.cpp:444 | process sid: 0  input buff size: 57007 output buff size: 12441600]
[2023-12-04 13:34:56.405] [erro] [CODEC] [P977543 T977622 WorkThread@decoder_cpu.cpp:444 | process sid: 0  input buff size: 22186 output buff size: 12441600]
[2023-12-04 13:34:56.505] [erro] [CODEC] [P977543 T977622 WorkThread@decoder_cpu.cpp:444 | process sid: 0  input buff size: 22321 output buff size: 12441600]
[2023-12-04 13:34:56.602] [erro] [CODEC] [P977543 T977622 WorkThread@decoder_cpu.cpp:444 | process sid: 0  input buff size: 21874 output buff size: 12441600]
[2023-12-04 13:34:56.701] [erro] [CODEC] [P977543 T977622 WorkThread@decoder_cpu.cpp:444 | process sid: 0  input buff size: 22656 output buff size: 12441600]
[2023-12-04 13:34:56.801] [erro] [CODEC] [P977543 T977622 WorkThread@decoder_cpu.cpp:444 | process sid: 0  input buff size: 22981 output buff size: 12441600]
[2023-12-04 13:34:56.901] [erro] [CODEC] [P977543 T977622 WorkThread@decoder_cpu.cpp:444 | process sid: 0  input buff size: 23427 output buff size: 12441600]
[2023-12-04 13:34:57.006] [erro] [CODEC] [P977543 T977622 WorkThread@decoder_cpu.cpp:444 | process sid: 0  input buff size: 22188 output buff size: 12441600]
[2023-12-04 13:34:57.103] [erro] [CODEC] [P977543 T977622 WorkThread@decoder_cpu.cpp:444 | process sid: 0  input buff size: 21967 output buff size: 12441600]
[2023-12-04 13:34:57.201] [erro] [CODEC] [P977543 T977622 WorkThread@decoder_cpu.cpp:444 | process sid: 0  input buff size: 22410 output buff size: 12441600]
[2023-12-04 13:35:09.766] [erro] [CODEC] [P977543 T977622 WorkThread@decoder_cpu.cpp:444 | process sid: 0  input buff size: 22694 output buff size: 12441600]
[2023-12-04 13:35:12.770] [erro] [CODEC] [P977543 T977622 WorkThread@decoder_cpu.cpp:444 | process sid: 0  input buff size: 23751 output buff size: 12441600]
[2023-12-04 13:35:12.873] [erro] [CODEC] [P977543 T977622 WorkThread@decoder_cpu.cpp:444 | process sid: 0  input buff size: 23673 output buff size: 12441600]
[2023-12-04 13:35:12.968] [erro] [CODEC] [P977543 T977622 WorkThread@decoder_cpu.cpp:444 | process sid: 0  input buff size: 23388 output buff size: 12441600]
[2023-12-04 13:35:13.074] [erro] [CODEC] [P977543 T977622 WorkThread@decoder_cpu.cpp:444 | process sid: 0  input buff size: 24073 output buff size: 12441600]
[2023-12-04 13:35:13.167] [erro] [CODEC] [P977543 T977622 WorkThread@decoder_cpu.cpp:444 | process sid: 0  input buff size: 22840 output buff size: 12441600]
[2023-12-04 13:35:13.267] [erro] [CODEC] [P977543 T977622 WorkThread@decoder_cpu.cpp:444 | process sid: 0  input buff size: 52762 output buff size: 12441600]
[2023-12-04 13:35:13.375] [erro] [CODEC] [P977543 T977622 WorkThread@decoder_cpu.cpp:444 | process sid: 0  input buff size: 21045 output buff size: 12441600]
[2023-12-04 13:35:13.468] [erro] [CODEC] [P977543 T977622 WorkThread@decoder_cpu.cpp:444 | process sid: 0  input buff size: 21324 output buff size: 12441600]
[2023-12-04 13:35:38.147] [erro] [CODEC] [P977543 T977622 WorkThread@decoder_cpu.cpp:444 | process sid: 0  input buff size: 20520 output buff size: 12441600]
[2023-12-04 13:35:41.148] [erro] [CODEC] [P977543 T977622 WorkThread@decoder_cpu.cpp:444 | process sid: 0  input buff size: 20603 output buff size: 12441600]
[2023-12-04 13:35:41.259] [erro] [CODEC] [P977543 T977622 WorkThread@decoder_cpu.cpp:444 | process sid: 0  input buff size: 20216 output buff size: 12441600]
[2023-12-04 13:35:41.344] [erro] [CODEC] [P977543 T977622 WorkThread@decoder_cpu.cpp:444 | process sid: 0  input buff size: 21093 output buff size: 12441600]
[2023-12-04 13:35:41.451] [erro] [CODEC] [P977543 T977622 WorkThread@decoder_cpu.cpp:444 | process sid: 0  input buff size: 19319 output buff size: 12441600]
[2023-12-04 13:35:41.551] [erro] [CODEC] [P977543 T977622 WorkThread@decoder_cpu.cpp:444 | process sid: 0  input buff size: 19664 output buff size: 12441600]
[2023-12-04 13:35:41.646] [erro] [CODEC] [P977543 T977622 WorkThread@decoder_cpu.cpp:444 | process sid: 0  input buff size: 20075 output buff size: 12441600]
[2023-12-04 13:35:41.750] [erro] [CODEC] [P977543 T977622 WorkThread@decoder_cpu.cpp:444 | process sid: 0  input buff size: 17511 output buff size: 12441600]
[2023-12-04 13:35:41.846] [erro] [CODEC] [P977543 T977622 WorkThread@decoder_cpu.cpp:444 | process sid: 0  input buff size: 18454 output buff size: 12441600]
[2023-12-04 13:35:41.949] [erro] [CODEC] [P977543 T977622 WorkThread@decoder_cpu.cpp:444 | process sid: 0  input buff size: 19498 output buff size: 12441600]
[2023-12-04 13:35:42.048] [erro] [CODEC] [P977543 T977622 WorkThread@decoder_cpu.cpp:444 | process sid: 0  input buff size: 19859 output buff size: 12441600]
[2023-12-04 13:35:42.148] [erro] [CODEC] [P977543 T977622 WorkThread@decoder_cpu.cpp:444 | process sid: 0  input buff size: 20671 output buff size: 12441600]
[2023-12-04 13:35:42.246] [erro] [CODEC] [P977543 T977622 WorkThread@decoder_cpu.cpp:444 | process sid: 0  input buff size: 22669 output buff size: 12441600]
[2023-12-04 13:35:42.348] [erro] [CODEC] [P977543 T977622 WorkThread@decoder_cpu.cpp:444 | process sid: 0  input buff size: 47435 output buff size: 12441600]
[2023-12-04 13:35:42.451] [erro] [CODEC] [P977543 T977622 WorkThread@decoder_cpu.cpp:444 | process sid: 0  input buff size: 18669 output buff size: 12441600]
[2023-12-04 13:35:42.552] [erro] [CODEC] [P977543 T977622 WorkThread@decoder_cpu.cpp:444 | process sid: 0  input buff size: 19718 output buff size: 12441600]
[2023-12-04 13:35:42.651] [erro] [CODEC] [P977543 T977622 WorkThread@decoder_cpu.cpp:444 | process sid: 0  input buff size: 18532 output buff size: 12441600]
[2023-12-04 13:35:42.746] [erro] [CODEC] [P977543 T977622 WorkThread@decoder_cpu.cpp:444 | process sid: 0  input buff size: 19091 output buff size: 12441600]
[2023-12-04 13:35:42.847] [erro] [CODEC] [P977543 T977622 WorkThread@decoder_cpu.cpp:444 | process sid: 0  input buff size: 18775 output buff size: 12441600]
[2023-12-04 13:35:42.947] [erro] [CODEC] [P977543 T977622 WorkThread@decoder_cpu.cpp:444 | process sid: 0  input buff size: 19375 output buff size: 12441600]
[2023-12-04 13:35:43.049] [erro] [CODEC] [P977543 T977622 WorkThread@decoder_cpu.cpp:444 | process sid: 0  input buff size: 19549 output buff size: 12441600]
[2023-12-04 13:35:43.147] [erro] [CODEC] [P977543 T977622 WorkThread@decoder_cpu.cpp:444 | process sid: 0  input buff size: 19548 output buff size: 12441600]
[2023-12-04 13:35:43.251] [erro] [CODEC] [P977543 T977622 WorkThread@decoder_cpu.cpp:444 | process sid: 0  input buff size: 19463 output buff size: 12441600]
[2023-12-04 13:35:43.347] [erro] [CODEC] [P977543 T977622 WorkThread@decoder_cpu.cpp:444 | process sid: 0  input buff size: 19681 output buff size: 12441600]
[2023-12-04 13:35:43.448] [erro] [CODEC] [P977543 T977622 WorkThread@decoder_cpu.cpp:444 | process sid: 0  input buff size: 20048 output buff size: 12441600]
[2023-12-04 13:35:43.546] [erro] [CODEC] [P977543 T977622 WorkThread@decoder_cpu.cpp:444 | process sid: 0  input buff size: 21271 output buff size: 12441600]
[2023-12-04 13:35:43.647] [erro] [CODEC] [P977543 T977622 WorkThread@decoder_cpu.cpp:444 | process sid: 0  input buff size: 22089 output buff size: 12441600]
[2023-12-04 13:35:43.751] [erro] [CODEC] [P977543 T977622 WorkThread@decoder_cpu.cpp:444 | process sid: 0  input buff size: 21781 output buff size: 12441600]
[2023-12-04 13:35:43.849] [erro] [CODEC] [P977543 T977622 WorkThread@decoder_cpu.cpp:444 | process sid: 0  input buff size: 22323 output buff size: 12441600]
[2023-12-04 13:35:43.949] [erro] [CODEC] [P977543 T977622 WorkThread@decoder_cpu.cpp:444 | process sid: 0  input buff size: 55262 output buff size: 12441600]
[2023-12-04 13:35:44.048] [erro] [CODEC] [P977543 T977622 WorkThread@decoder_cpu.cpp:444 | process sid: 0  input buff size: 20074 output buff size: 12441600]
[2023-12-04 13:35:44.147] [erro] [CODEC] [P977543 T977622 WorkThread@decoder_cpu.cpp:444 | process sid: 0  input buff size: 20272 output buff size: 12441600]
[2023-12-04 13:35:44.247] [erro] [CODEC] [P977543 T977622 WorkThread@decoder_cpu.cpp:444 | process sid: 0  input buff size: 21963 output buff size: 12441600]
[2023-12-04 13:35:44.347] [erro] [CODEC] [P977543 T977622 WorkThread@decoder_cpu.cpp:444 | process sid: 0  input buff size: 22374 output buff size: 12441600]
[2023-12-04 13:35:44.447] [erro] [CODEC] [P977543 T977622 WorkThread@decoder_cpu.cpp:444 | process sid: 0  input buff size: 24581 output buff size: 12441600]
[2023-12-04 13:35:44.546] [erro] [CODEC] [P977543 T977622 WorkThread@decoder_cpu.cpp:444 | process sid: 0  input buff size: 27274 output buff size: 12441600]
[2023-12-04 13:35:44.646] [erro] [CODEC] [P977543 T977622 WorkThread@decoder_cpu.cpp:444 | process sid: 0  input buff size: 23658 output buff size: 12441600]
[2023-12-04 13:35:44.746] [erro] [CODEC] [P977543 T977622 WorkThread@decoder_cpu.cpp:444 | process sid: 0  input buff size: 24855 output buff size: 12441600]
[2023-12-04 13:35:44.846] [erro] [CODEC] [P977543 T977622 WorkThread@decoder_cpu.cpp:444 | process sid: 0  input buff size: 24223 output buff size: 12441600]
[2023-12-04 13:35:44.946] [erro] [CODEC] [P977543 T977622 WorkThread@decoder_cpu.cpp:444 | process sid: 0  input buff size: 23271 output buff size: 12441600]
[2023-12-04 13:35:45.046] [erro] [CODEC] [P977543 T977622 WorkThread@decoder_cpu.cpp:444 | process sid: 0  input buff size: 23894 output buff size: 12441600]
[2023-12-04 13:35:45.146] [erro] [CODEC] [P977543 T977622 WorkThread@decoder_cpu.cpp:444 | process sid: 0  input buff size: 24112 output buff size: 12441600]
[2023-12-04 13:35:45.246] [erro] [CODEC] [P977543 T977622 WorkThread@decoder_cpu.cpp:444 | process sid: 0  input buff size: 23361 output buff size: 12441600]
[2023-12-04 13:35:45.346] [erro] [CODEC] [P977543 T977622 WorkThread@decoder_cpu.cpp:444 | process sid: 0  input buff size: 24823 output buff size: 12441600]
[2023-12-04 13:35:45.446] [erro] [CODEC] [P977543 T977622 WorkThread@decoder_cpu.cpp:444 | process sid: 0  input buff size: 24307 output buff size: 12441600]
[2023-12-04 13:35:45.546] [erro] [CODEC] [P977543 T977622 WorkThread@decoder_cpu.cpp:444 | process sid: 0  input buff size: 62460 output buff size: 12441600]
[2023-12-04 13:35:45.646] [erro] [CODEC] [P977543 T977622 WorkThread@decoder_cpu.cpp:444 | process sid: 0  input buff size: 25056 output buff size: 12441600]
[2023-12-04 13:35:45.746] [erro] [CODEC] [P977543 T977622 WorkThread@decoder_cpu.cpp:444 | process sid: 0  input buff size: 29868 output buff size: 12441600]
[2023-12-04 13:35:45.846] [erro] [CODEC] [P977543 T977622 WorkThread@decoder_cpu.cpp:444 | process sid: 0  input buff size: 27680 output buff size: 12441600]
[2023-12-04 13:35:45.946] [erro] [CODEC] [P977543 T977622 WorkThread@decoder_cpu.cpp:444 | process sid: 0  input buff size: 25832 output buff size: 12441600]
[2023-12-04 13:35:46.046] [erro] [CODEC] [P977543 T977622 WorkThread@decoder_cpu.cpp:444 | process sid: 0  input buff size: 25987 output buff size: 12441600]
[2023-12-04 13:35:46.146] [erro] [CODEC] [P977543 T977622 WorkThread@decoder_cpu.cpp:444 | process sid: 0  input buff size: 26601 output buff size: 12441600]
[2023-12-04 13:35:46.246] [erro] [CODEC] [P977543 T977622 WorkThread@decoder_cpu.cpp:444 | process sid: 0  input buff size: 27376 output buff size: 12441600]
[2023-12-04 13:35:46.349] [erro] [CODEC] [P977543 T977622 WorkThread@decoder_cpu.cpp:444 | process sid: 0  input buff size: 26709 output buff size: 12441600]
[2023-12-04 13:35:46.448] [erro] [CODEC] [P977543 T977622 WorkThread@decoder_cpu.cpp:444 | process sid: 0  input buff size: 27459 output buff size: 12441600]
[2023-12-04 13:35:46.546] [erro] [CODEC] [P977543 T977622 WorkThread@decoder_cpu.cpp:444 | process sid: 0  input buff size: 29314 output buff size: 12441600]
[2023-12-04 13:35:46.650] [erro] [CODEC] [P977543 T977622 WorkThread@decoder_cpu.cpp:444 | process sid: 0  input buff size: 28582 output buff size: 12441600]
[2023-12-04 13:35:46.747] [erro] [CODEC] [P977543 T977622 WorkThread@decoder_cpu.cpp:444 | process sid: 0  input buff size: 28027 output buff size: 12441600]
[2023-12-04 13:35:46.847] [erro] [CODEC] [P977543 T977622 WorkThread@decoder_cpu.cpp:444 | process sid: 0  input buff size: 28166 output buff size: 12441600]
[2023-12-04 13:35:46.946] [erro] [CODEC] [P977543 T977622 WorkThread@decoder_cpu.cpp:444 | process sid: 0  input buff size: 29477 output buff size: 12441600]
[2023-12-04 13:35:47.050] [erro] [CODEC] [P977543 T977622 WorkThread@decoder_cpu.cpp:444 | process sid: 0  input buff size: 28390 output buff size: 12441600]
[2023-12-04 13:35:47.146] [erro] [CODEC] [P977543 T977622 WorkThread@decoder_cpu.cpp:444 | process sid: 0  input buff size: 69308 output buff size: 12441600]
[2023-12-04 13:35:47.246] [erro] [CODEC] [P977543 T977622 WorkThread@decoder_cpu.cpp:444 | process sid: 0  input buff size: 27820 output buff size: 12441600]
[2023-12-04 13:35:47.346] [erro] [CODEC] [P977543 T977622 WorkThread@decoder_cpu.cpp:444 | process sid: 0  input buff size: 27168 output buff size: 12441600]
[2023-12-04 13:35:47.445] [erro] [CODEC] [P977543 T977622 WorkThread@decoder_cpu.cpp:444 | process sid: 0  input buff size: 30540 output buff size: 12441600]
[2023-12-04 13:35:47.548] [erro] [CODEC] [P977543 T977622 WorkThread@decoder_cpu.cpp:444 | process sid: 0  input buff size: 28951 output buff size: 12441600]
[2023-12-04 13:35:47.651] [erro] [CODEC] [P977543 T977622 WorkThread@decoder_cpu.cpp:444 | process sid: 0  input buff size: 28889 output buff size: 12441600]
[2023-12-04 13:35:47.748] [erro] [CODEC] [P977543 T977622 WorkThread@decoder_cpu.cpp:444 | process sid: 0  input buff size: 29586 output buff size: 12441600]
[2023-12-04 13:35:47.849] [erro] [CODEC] [P977543 T977622 WorkThread@decoder_cpu.cpp:444 | process sid: 0  input buff size: 29171 output buff size: 12441600]
[2023-12-04 13:35:47.951] [erro] [CODEC] [P977543 T977622 WorkThread@decoder_cpu.cpp:444 | process sid: 0  input buff size: 27993 output buff size: 12441600]
[2023-12-04 13:35:48.057] [erro] [CODEC] [P977543 T977622 WorkThread@decoder_cpu.cpp:444 | process sid: 0  input buff size: 28113 output buff size: 12441600]
[2023-12-04 13:35:48.157] [erro] [CODEC] [P977543 T977622 WorkThread@decoder_cpu.cpp:444 | process sid: 0  input buff size: 27977 output buff size: 12441600]
[2023-12-04 13:35:48.250] [erro] [CODEC] [P977543 T977622 WorkThread@decoder_cpu.cpp:444 | process sid: 0  input buff size: 28842 output buff size: 12441600]
[2023-12-04 13:35:48.348] [erro] [CODEC] [P977543 T977622 WorkThread@decoder_cpu.cpp:444 | process sid: 0  input buff size: 28270 output buff size: 12441600]
[2023-12-04 13:35:48.447] [erro] [CODEC] [P977543 T977622 WorkThread@decoder_cpu.cpp:444 | process sid: 0  input buff size: 28638 output buff size: 12441600]
[2023-12-04 13:35:48.545] [erro] [CODEC] [P977543 T977622 WorkThread@decoder_cpu.cpp:444 | process sid: 0  input buff size: 29975 output buff size: 12441600]
[2023-12-04 13:35:48.649] [erro] [CODEC] [P977543 T977622 WorkThread@decoder_cpu.cpp:444 | process sid: 0  input buff size: 30473 output buff size: 12441600]
[2023-12-04 13:35:48.748] [erro] [CODEC] [P977543 T977622 WorkThread@decoder_cpu.cpp:444 | process sid: 0  input buff size: 70517 output buff size: 12441600]
[2023-12-04 13:35:48.854] [erro] [CODEC] [P977543 T977622 WorkThread@decoder_cpu.cpp:444 | process sid: 0  input buff size: 27472 output buff size: 12441600]
[2023-12-04 13:35:48.953] [erro] [CODEC] [P977543 T977622 WorkThread@decoder_cpu.cpp:444 | process sid: 0  input buff size: 27786 output buff size: 12441600]
[2023-12-04 13:35:49.055] [erro] [CODEC] [P977543 T977622 WorkThread@decoder_cpu.cpp:444 | process sid: 0  input buff size: 29448 output buff size: 12441600]
[2023-12-04 13:35:49.168] [erro] [CODEC] [P977543 T977622 WorkThread@decoder_cpu.cpp:444 | process sid: 0  input buff size: 28606 output buff size: 12441600]
[2023-12-04 13:35:49.263] [erro] [CODEC] [P977543 T977622 WorkThread@decoder_cpu.cpp:444 | process sid: 0  input buff size: 29316 output buff size: 12441600]
[2023-12-04 13:35:49.346] [erro] [CODEC] [P977543 T977622 WorkThread@decoder_cpu.cpp:444 | process sid: 0  input buff size: 29375 output buff size: 12441600]
[2023-12-04 13:35:49.448] [erro] [CODEC] [P977543 T977622 WorkThread@decoder_cpu.cpp:444 | process sid: 0  input buff size: 29326 output buff size: 12441600]
[2023-12-04 13:35:49.550] [erro] [CODEC] [P977543 T977622 WorkThread@decoder_cpu.cpp:444 | process sid: 0  input buff size: 29873 output buff size: 12441600]
[2023-12-04 13:35:49.646] [erro] [CODEC] [P977543 T977622 WorkThread@decoder_cpu.cpp:444 | process sid: 0  input buff size: 31271 output buff size: 12441600]
[2023-12-04 13:35:49.746] [erro] [CODEC] [P977543 T977622 WorkThread@decoder_cpu.cpp:444 | process sid: 0  input buff size: 30856 output buff size: 12441600]
[2023-12-04 13:35:49.846] [erro] [CODEC] [P977543 T977622 WorkThread@decoder_cpu.cpp:444 | process sid: 0  input buff size: 29439 output buff size: 12441600]
[2023-12-04 13:35:49.946] [erro] [CODEC] [P977543 T977622 WorkThread@decoder_cpu.cpp:444 | process sid: 0  input buff size: 28741 output buff size: 12441600]
[2023-12-04 13:35:50.049] [erro] [CODEC] [P977543 T977622 WorkThread@decoder_cpu.cpp:444 | process sid: 0  input buff size: 28578 output buff size: 12441600]
[2023-12-04 13:35:50.148] [erro] [CODEC] [P977543 T977622 WorkThread@decoder_cpu.cpp:444 | process sid: 0  input buff size: 27235 output buff size: 12441600]
[2023-12-04 13:35:50.250] [erro] [CODEC] [P977543 T977622 WorkThread@decoder_cpu.cpp:444 | process sid: 0  input buff size: 28428 output buff size: 12441600]
[2023-12-04 13:35:50.347] [erro] [CODEC] [P977543 T977622 WorkThread@decoder_cpu.cpp:444 | process sid: 0  input buff size: 67946 output buff size: 12441600]
[2023-12-04 13:35:50.446] [erro] [CODEC] [P977543 T977622 WorkThread@decoder_cpu.cpp:444 | process sid: 0  input buff size: 26128 output buff size: 12441600]
[2023-12-04 13:35:50.546] [erro] [CODEC] [P977543 T977622 WorkThread@decoder_cpu.cpp:444 | process sid: 0  input buff size: 28270 output buff size: 12441600]
[2023-12-04 13:35:50.647] [erro] [CODEC] [P977543 T977622 WorkThread@decoder_cpu.cpp:444 | process sid: 0  input buff size: 28196 output buff size: 12441600]
[2023-12-04 13:35:50.747] [erro] [CODEC] [P977543 T977622 WorkThread@decoder_cpu.cpp:444 | process sid: 0  input buff size: 25238 output buff size: 12441600]
[2023-12-04 13:35:50.847] [erro] [CODEC] [P977543 T977622 WorkThread@decoder_cpu.cpp:444 | process sid: 0  input buff size: 24892 output buff size: 12441600]
[2023-12-04 13:35:50.951] [erro] [CODEC] [P977543 T977622 WorkThread@decoder_cpu.cpp:444 | process sid: 0  input buff size: 25269 output buff size: 12441600]
[2023-12-04 13:35:51.051] [erro] [CODEC] [P977543 T977622 WorkThread@decoder_cpu.cpp:444 | process sid: 0  input buff size: 25894 output buff size: 12441600]
[2023-12-04 13:35:51.147] [erro] [CODEC] [P977543 T977622 WorkThread@decoder_cpu.cpp:444 | process sid: 0  input buff size: 23966 output buff size: 12441600]
[2023-12-04 13:35:51.247] [erro] [CODEC] [P977543 T977622 WorkThread@decoder_cpu.cpp:444 | process sid: 0  input buff size: 24561 output buff size: 12441600]
[2023-12-04 13:35:51.347] [erro] [CODEC] [P977543 T977622 WorkThread@decoder_cpu.cpp:444 | process sid: 0  input buff size: 26105 output buff size: 12441600]
[2023-12-04 13:35:51.446] [erro] [CODEC] [P977543 T977622 WorkThread@decoder_cpu.cpp:444 | process sid: 0  input buff size: 25086 output buff size: 12441600]
[2023-12-04 13:35:51.555] [erro] [CODEC] [P977543 T977622 WorkThread@decoder_cpu.cpp:444 | process sid: 0  input buff size: 26206 output buff size: 12441600]
[2023-12-04 13:35:51.648] [erro] [CODEC] [P977543 T977622 WorkThread@decoder_cpu.cpp:444 | process sid: 0  input buff size: 27438 output buff size: 12441600]
[2023-12-04 13:35:51.747] [erro] [CODEC] [P977543 T977622 WorkThread@decoder_cpu.cpp:444 | process sid: 0  input buff size: 25662 output buff size: 12441600]
[2023-12-04 13:35:51.846] [erro] [CODEC] [P977543 T977622 WorkThread@decoder_cpu.cpp:444 | process sid: 0  input buff size: 27553 output buff size: 12441600]
[2023-12-04 13:35:51.946] [erro] [CODEC] [P977543 T977622 WorkThread@decoder_cpu.cpp:444 | process sid: 0  input buff size: 61514 output buff size: 12441600]
[2023-12-04 13:35:52.046] [erro] [CODEC] [P977543 T977622 WorkThread@decoder_cpu.cpp:444 | process sid: 0  input buff size: 21663 output buff size: 12441600]
[2023-12-04 13:35:52.146] [erro] [CODEC] [P977543 T977622 WorkThread@decoder_cpu.cpp:444 | process sid: 0  input buff size: 21610 output buff size: 12441600]
[2023-12-04 13:35:52.245] [erro] [CODEC] [P977543 T977622 WorkThread@decoder_cpu.cpp:444 | process sid: 0  input buff size: 21066 output buff size: 12441600]
[2023-12-04 13:35:52.346] [erro] [CODEC] [P977543 T977622 WorkThread@decoder_cpu.cpp:444 | process sid: 0  input buff size: 24476 output buff size: 12441600]
[2023-12-04 13:35:52.447] [erro] [CODEC] [P977543 T977622 WorkThread@decoder_cpu.cpp:444 | process sid: 0  input buff size: 24422 output buff size: 12441600]
[2023-12-04 13:35:52.547] [erro] [CODEC] [P977543 T977622 WorkThread@decoder_cpu.cpp:444 | process sid: 0  input buff size: 23689 output buff size: 12441600]
[2023-12-04 13:35:52.649] [erro] [CODEC] [P977543 T977622 WorkThread@decoder_cpu.cpp:444 | process sid: 0  input buff size: 23148 output buff size: 12441600]
[2023-12-04 13:35:52.751] [erro] [CODEC] [P977543 T977622 WorkThread@decoder_cpu.cpp:444 | process sid: 0  input buff size: 22660 output buff size: 12441600]
[2023-12-04 13:35:52.848] [erro] [CODEC] [P977543 T977622 WorkThread@decoder_cpu.cpp:444 | process sid: 0  input buff size: 25233 output buff size: 12441600]
[2023-12-04 13:35:52.950] [erro] [CODEC] [P977543 T977622 WorkThread@decoder_cpu.cpp:444 | process sid: 0  input buff size: 23906 output buff size: 12441600]
[2023-12-04 13:35:53.049] [erro] [CODEC] [P977543 T977622 WorkThread@decoder_cpu.cpp:444 | process sid: 0  input buff size: 22686 output buff size: 12441600]
[2023-12-04 13:35:53.150] [erro] [CODEC] [P977543 T977622 WorkThread@decoder_cpu.cpp:444 | process sid: 0  input buff size: 21336 output buff size: 12441600]
[2023-12-04 13:35:53.247] [erro] [CODEC] [P977543 T977622 WorkThread@decoder_cpu.cpp:444 | process sid: 0  input buff size: 21048 output buff size: 12441600]
[2023-12-04 13:35:53.350] [erro] [CODEC] [P977543 T977622 WorkThread@decoder_cpu.cpp:444 | process sid: 0  input buff size: 20365 output buff size: 12441600]
[2023-12-04 13:35:53.465] [erro] [CODEC] [P977543 T977622 WorkThread@decoder_cpu.cpp:444 | process sid: 0  input buff size: 20887 output buff size: 12441600]
[2023-12-04 13:35:53.547] [erro] [CODEC] [P977543 T977622 WorkThread@decoder_cpu.cpp:444 | process sid: 0  input buff size: 59520 output buff size: 12441600]
[2023-12-04 13:35:53.647] [erro] [CODEC] [P977543 T977622 WorkThread@decoder_cpu.cpp:444 | process sid: 0  input buff size: 19988 output buff size: 12441600]
[2023-12-04 13:35:53.747] [erro] [CODEC] [P977543 T977622 WorkThread@decoder_cpu.cpp:444 | process sid: 0  input buff size: 20733 output buff size: 12441600]
[2023-12-04 13:35:53.847] [erro] [CODEC] [P977543 T977622 WorkThread@decoder_cpu.cpp:444 | process sid: 0  input buff size: 20287 output buff size: 12441600]
[2023-12-04 13:35:53.949] [erro] [CODEC] [P977543 T977622 WorkThread@decoder_cpu.cpp:444 | process sid: 0  input buff size: 21554 output buff size: 12441600]
[2023-12-04 13:35:54.049] [erro] [CODEC] [P977543 T977622 WorkThread@decoder_cpu.cpp:444 | process sid: 0  input buff size: 20306 output buff size: 12441600]
[2023-12-04 13:35:54.148] [erro] [CODEC] [P977543 T977622 WorkThread@decoder_cpu.cpp:444 | process sid: 0  input buff size: 20178 output buff size: 12441600]
[2023-12-04 13:35:54.248] [erro] [CODEC] [P977543 T977622 WorkThread@decoder_cpu.cpp:444 | process sid: 0  input buff size: 20359 output buff size: 12441600]
[2023-12-04 13:35:54.348] [erro] [CODEC] [P977543 T977622 WorkThread@decoder_cpu.cpp:444 | process sid: 0  input buff size: 21595 output buff size: 12441600]
[2023-12-04 13:35:54.446] [erro] [CODEC] [P977543 T977622 WorkThread@decoder_cpu.cpp:444 | process sid: 0  input buff size: 20526 output buff size: 12441600]
[2023-12-04 13:35:54.547] [erro] [CODEC] [P977543 T977622 WorkThread@decoder_cpu.cpp:444 | process sid: 0  input buff size: 20440 output buff size: 12441600]
[2023-12-04 13:35:54.646] [erro] [CODEC] [P977543 T977622 WorkThread@decoder_cpu.cpp:444 | process sid: 0  input buff size: 19937 output buff size: 12441600]
[2023-12-04 13:35:54.745] [erro] [CODEC] [P977543 T977622 WorkThread@decoder_cpu.cpp:444 | process sid: 0  input buff size: 19047 output buff size: 12441600]
[2023-12-04 13:35:54.850] [erro] [CODEC] [P977543 T977622 WorkThread@decoder_cpu.cpp:444 | process sid: 0  input buff size: 18614 output buff size: 12441600]
[2023-12-04 13:35:54.949] [erro] [CODEC] [P977543 T977622 WorkThread@decoder_cpu.cpp:444 | process sid: 0  input buff size: 18339 output buff size: 12441600]
[2023-12-04 13:35:55.047] [erro] [CODEC] [P977543 T977622 WorkThread@decoder_cpu.cpp:444 | process sid: 0  input buff size: 19011 output buff size: 12441600]
[2023-12-04 13:35:55.147] [erro] [CODEC] [P977543 T977622 WorkThread@decoder_cpu.cpp:444 | process sid: 0  input buff size: 54007 output buff size: 12441600]
[2023-12-04 13:35:55.247] [erro] [CODEC] [P977543 T977622 WorkThread@decoder_cpu.cpp:444 | process sid: 0  input buff size: 25447 output buff size: 12441600]
[2023-12-04 13:35:55.347] [erro] [CODEC] [P977543 T977622 WorkThread@decoder_cpu.cpp:444 | process sid: 0  input buff size: 21175 output buff size: 12441600]
[2023-12-04 13:35:55.447] [erro] [CODEC] [P977543 T977622 WorkThread@decoder_cpu.cpp:444 | process sid: 0  input buff size: 20521 output buff size: 12441600]
[2023-12-04 13:35:55.547] [erro] [CODEC] [P977543 T977622 WorkThread@decoder_cpu.cpp:444 | process sid: 0  input buff size: 21508 output buff size: 12441600]
[2023-12-04 13:35:55.647] [erro] [CODEC] [P977543 T977622 WorkThread@decoder_cpu.cpp:444 | process sid: 0  input buff size: 21803 output buff size: 12441600]
[2023-12-04 13:35:55.747] [erro] [CODEC] [P977543 T977622 WorkThread@decoder_cpu.cpp:444 | process sid: 0  input buff size: 21090 output buff size: 12441600]
[2023-12-04 13:35:55.847] [erro] [CODEC] [P977543 T977622 WorkThread@decoder_cpu.cpp:444 | process sid: 0  input buff size: 20514 output buff size: 12441600]
[2023-12-04 13:35:55.947] [erro] [CODEC] [P977543 T977622 WorkThread@decoder_cpu.cpp:444 | process sid: 0  input buff size: 20024 output buff size: 12441600]
[2023-12-04 13:35:56.050] [erro] [CODEC] [P977543 T977622 WorkThread@decoder_cpu.cpp:444 | process sid: 0  input buff size: 18708 output buff size: 12441600]
[2023-12-04 13:35:56.146] [erro] [CODEC] [P977543 T977622 WorkThread@decoder_cpu.cpp:444 | process sid: 0  input buff size: 20349 output buff size: 12441600]
[2023-12-04 13:35:56.246] [erro] [CODEC] [P977543 T977622 WorkThread@decoder_cpu.cpp:444 | process sid: 0  input buff size: 21990 output buff size: 12441600]
[2023-12-04 13:35:56.346] [erro] [CODEC] [P977543 T977622 WorkThread@decoder_cpu.cpp:444 | process sid: 0  input buff size: 20190 output buff size: 12441600]
[2023-12-04 13:35:56.446] [erro] [CODEC] [P977543 T977622 WorkThread@decoder_cpu.cpp:444 | process sid: 0  input buff size: 22500 output buff size: 12441600]
[2023-12-04 13:35:56.546] [erro] [CODEC] [P977543 T977622 WorkThread@decoder_cpu.cpp:444 | process sid: 0  input buff size: 24284 output buff size: 12441600]
[2023-12-04 13:35:56.650] [erro] [CODEC] [P977543 T977622 WorkThread@decoder_cpu.cpp:444 | process sid: 0  input buff size: 23160 output buff size: 12441600]
[2023-12-04 13:35:56.755] [erro] [CODEC] [P977543 T977622 WorkThread@decoder_cpu.cpp:444 | process sid: 0  input buff size: 59287 output buff size: 12441600]
[2023-12-04 13:35:56.847] [erro] [CODEC] [P977543 T977622 WorkThread@decoder_cpu.cpp:444 | process sid: 0  input buff size: 20686 output buff size: 12441600]
[2023-12-04 13:35:56.946] [erro] [CODEC] [P977543 T977622 WorkThread@decoder_cpu.cpp:444 | process sid: 0  input buff size: 21225 output buff size: 12441600]
[2023-12-04 13:35:57.052] [erro] [CODEC] [P977543 T977622 WorkThread@decoder_cpu.cpp:444 | process sid: 0  input buff size: 20211 output buff size: 12441600]
[2023-12-04 13:35:57.151] [erro] [CODEC] [P977543 T977622 WorkThread@decoder_cpu.cpp:444 | process sid: 0  input buff size: 19092 output buff size: 12441600]
[2023-12-04 13:35:57.249] [erro] [CODEC] [P977543 T977622 WorkThread@decoder_cpu.cpp:444 | process sid: 0  input buff size: 18913 output buff size: 12441600]
[2023-12-04 13:35:57.355] [erro] [CODEC] [P977543 T977622 WorkThread@decoder_cpu.cpp:444 | process sid: 0  input buff size: 18660 output buff size: 12441600]
[2023-12-04 13:35:57.446] [erro] [CODEC] [P977543 T977622 WorkThread@decoder_cpu.cpp:444 | process sid: 0  input buff size: 18475 output buff size: 12441600]
[2023-12-04 13:35:57.546] [erro] [CODEC] [P977543 T977622 WorkThread@decoder_cpu.cpp:444 | process sid: 0  input buff size: 17318 output buff size: 12441600]
[2023-12-04 13:35:57.649] [erro] [CODEC] [P977543 T977622 WorkThread@decoder_cpu.cpp:444 | process sid: 0  input buff size: 17813 output buff size: 12441600]
[2023-12-04 13:35:57.746] [erro] [CODEC] [P977543 T977622 WorkThread@decoder_cpu.cpp:444 | process sid: 0  input buff size: 17003 output buff size: 12441600]
[2023-12-04 13:35:57.847] [erro] [CODEC] [P977543 T977622 WorkThread@decoder_cpu.cpp:444 | process sid: 0  input buff size: 18583 output buff size: 12441600]
[2023-12-04 13:35:57.953] [erro] [CODEC] [P977543 T977622 WorkThread@decoder_cpu.cpp:444 | process sid: 0  input buff size: 18049 output buff size: 12441600]
[2023-12-04 13:35:58.047] [erro] [CODEC] [P977543 T977622 WorkThread@decoder_cpu.cpp:444 | process sid: 0  input buff size: 18721 output buff size: 12441600]
[2023-12-04 13:35:58.145] [erro] [CODEC] [P977543 T977622 WorkThread@decoder_cpu.cpp:444 | process sid: 0  input buff size: 20568 output buff size: 12441600]
[2023-12-04 13:35:58.256] [erro] [CODEC] [P977543 T977622 WorkThread@decoder_cpu.cpp:444 | process sid: 0  input buff size: 21576 output buff size: 12441600]
[2023-12-04 13:35:58.353] [erro] [CODEC] [P977543 T977622 WorkThread@decoder_cpu.cpp:444 | process sid: 0  input buff size: 58042 output buff size: 12441600]
[2023-12-04 13:35:58.448] [erro] [CODEC] [P977543 T977622 WorkThread@decoder_cpu.cpp:444 | process sid: 0  input buff size: 17917 output buff size: 12441600]
[2023-12-04 13:35:58.547] [erro] [CODEC] [P977543 T977622 WorkThread@decoder_cpu.cpp:444 | process sid: 0  input buff size: 18459 output buff size: 12441600]
[2023-12-04 13:35:58.647] [erro] [CODEC] [P977543 T977622 WorkThread@decoder_cpu.cpp:444 | process sid: 0  input buff size: 22036 output buff size: 12441600]
[2023-12-04 13:35:58.747] [erro] [CODEC] [P977543 T977622 WorkThread@decoder_cpu.cpp:444 | process sid: 0  input buff size: 22994 output buff size: 12441600]
[2023-12-04 13:35:58.853] [erro] [CODEC] [P977543 T977622 WorkThread@decoder_cpu.cpp:444 | process sid: 0  input buff size: 31969 output buff size: 12441600]
[2023-12-04 13:35:58.946] [erro] [CODEC] [P977543 T977622 WorkThread@decoder_cpu.cpp:444 | process sid: 0  input buff size: 32502 output buff size: 12441600]
[2023-12-04 13:35:59.047] [erro] [CODEC] [P977543 T977622 WorkThread@decoder_cpu.cpp:444 | process sid: 0  input buff size: 26937 output buff size: 12441600]
[2023-12-04 13:35:59.147] [erro] [CODEC] [P977543 T977622 WorkThread@decoder_cpu.cpp:444 | process sid: 0  input buff size: 28918 output buff size: 12441600]
[2023-12-04 13:35:59.247] [erro] [CODEC] [P977543 T977622 WorkThread@decoder_cpu.cpp:444 | process sid: 0  input buff size: 24921 output buff size: 12441600]
[2023-12-04 13:35:59.351] [erro] [CODEC] [P977543 T977622 WorkThread@decoder_cpu.cpp:444 | process sid: 0  input buff size: 20314 output buff size: 12441600]
[2023-12-04 13:35:59.445] [erro] [CODEC] [P977543 T977622 WorkThread@decoder_cpu.cpp:444 | process sid: 0  input buff size: 18769 output buff size: 12441600]
[2023-12-04 13:35:59.546] [erro] [CODEC] [P977543 T977622 WorkThread@decoder_cpu.cpp:444 | process sid: 0  input buff size: 20838 output buff size: 12441600]
[2023-12-04 13:35:59.646] [erro] [CODEC] [P977543 T977622 WorkThread@decoder_cpu.cpp:444 | process sid: 0  input buff size: 26393 output buff size: 12441600]
[2023-12-04 13:35:59.750] [erro] [CODEC] [P977543 T977622 WorkThread@decoder_cpu.cpp:444 | process sid: 0  input buff size: 28811 output buff size: 12441600]
[2023-12-04 13:35:59.850] [erro] [CODEC] [P977543 T977622 WorkThread@decoder_cpu.cpp:444 | process sid: 0  input buff size: 29792 output buff size: 12441600]
[2023-12-04 13:35:59.950] [erro] [CODEC] [P977543 T977622 WorkThread@decoder_cpu.cpp:444 | process sid: 0  input buff size: 54928 output buff size: 12441600]
[2023-12-04 13:36:00.048] [erro] [CODEC] [P977543 T977622 WorkThread@decoder_cpu.cpp:444 | process sid: 0  input buff size: 26291 output buff size: 12441600]
[2023-12-04 13:36:00.149] [erro] [CODEC] [P977543 T977622 WorkThread@decoder_cpu.cpp:444 | process sid: 0  input buff size: 30837 output buff size: 12441600]
[2023-12-04 13:36:00.246] [erro] [CODEC] [P977543 T977622 WorkThread@decoder_cpu.cpp:444 | process sid: 0  input buff size: 36154 output buff size: 12441600]
[2023-12-04 13:36:00.348] [erro] [CODEC] [P977543 T977622 WorkThread@decoder_cpu.cpp:444 | process sid: 0  input buff size: 25544 output buff size: 12441600]
[2023-12-04 13:36:00.447] [erro] [CODEC] [P977543 T977622 WorkThread@decoder_cpu.cpp:444 | process sid: 0  input buff size: 23028 output buff size: 12441600]
[2023-12-04 13:36:00.550] [erro] [CODEC] [P977543 T977622 WorkThread@decoder_cpu.cpp:444 | process sid: 0  input buff size: 22148 output buff size: 12441600]
[2023-12-04 13:36:00.651] [erro] [CODEC] [P977543 T977622 WorkThread@decoder_cpu.cpp:444 | process sid: 0  input buff size: 19498 output buff size: 12441600]
[2023-12-04 13:36:00.746] [erro] [CODEC] [P977543 T977622 WorkThread@decoder_cpu.cpp:444 | process sid: 0  input buff size: 20689 output buff size: 12441600]
[2023-12-04 13:36:00.848] [erro] [CODEC] [P977543 T977622 WorkThread@decoder_cpu.cpp:444 | process sid: 0  input buff size: 22570 output buff size: 12441600]
[2023-12-04 13:36:00.948] [erro] [CODEC] [P977543 T977622 WorkThread@decoder_cpu.cpp:444 | process sid: 0  input buff size: 22263 output buff size: 12441600]
[2023-12-04 13:36:01.047] [erro] [CODEC] [P977543 T977622 WorkThread@decoder_cpu.cpp:444 | process sid: 0  input buff size: 21813 output buff size: 12441600]
[2023-12-04 13:36:01.148] [erro] [CODEC] [P977543 T977622 WorkThread@decoder_cpu.cpp:444 | process sid: 0  input buff size: 19845 output buff size: 12441600]
[2023-12-04 13:36:01.250] [erro] [CODEC] [P977543 T977622 WorkThread@decoder_cpu.cpp:444 | process sid: 0  input buff size: 19497 output buff size: 12441600]
[2023-12-04 13:36:01.355] [erro] [CODEC] [P977543 T977622 WorkThread@decoder_cpu.cpp:444 | process sid: 0  input buff size: 20114 output buff size: 12441600]
[2023-12-04 13:36:01.446] [erro] [CODEC] [P977543 T977622 WorkThread@decoder_cpu.cpp:444 | process sid: 0  input buff size: 22065 output buff size: 12441600]
[2023-12-04 13:36:01.555] [erro] [CODEC] [P977543 T977622 WorkThread@decoder_cpu.cpp:444 | process sid: 0  input buff size: 58124 output buff size: 12441600]
[2023-12-04 13:36:01.651] [erro] [CODEC] [P977543 T977622 WorkThread@decoder_cpu.cpp:444 | process sid: 0  input buff size: 24247 output buff size: 12441600]
[2023-12-04 13:36:01.751] [erro] [CODEC] [P977543 T977622 WorkThread@decoder_cpu.cpp:444 | process sid: 0  input buff size: 23275 output buff size: 12441600]
[2023-12-04 13:36:01.851] [erro] [CODEC] [P977543 T977622 WorkThread@decoder_cpu.cpp:444 | process sid: 0  input buff size: 23583 output buff size: 12441600]
[2023-12-04 13:36:04.088] [erro] [CODEC] [P977543 T977622 WorkThread@decoder_cpu.cpp:444 | process sid: 0  input buff size: 23717 output buff size: 12441600]
[2023-12-04 13:36:04.186] [erro] [CODEC] [P977543 T977622 WorkThread@decoder_cpu.cpp:444 | process sid: 0  input buff size: 21926 output buff size: 12441600]
[2023-12-04 13:36:04.293] [erro] [CODEC] [P977543 T977622 WorkThread@decoder_cpu.cpp:444 | process sid: 0  input buff size: 22825 output buff size: 12441600]
[2023-12-04 13:36:04.386] [erro] [CODEC] [P977543 T977622 WorkThread@decoder_cpu.cpp:444 | process sid: 0  input buff size: 21881 output buff size: 12441600]
[2023-12-04 13:36:04.486] [erro] [CODEC] [P977543 T977622 WorkThread@decoder_cpu.cpp:444 | process sid: 0  input buff size: 19121 output buff size: 12441600]
[2023-12-04 13:36:04.586] [erro] [CODEC] [P977543 T977622 WorkThread@decoder_cpu.cpp:444 | process sid: 0  input buff size: 18631 output buff size: 12441600]
[2023-12-04 13:36:04.687] [erro] [CODEC] [P977543 T977622 WorkThread@decoder_cpu.cpp:444 | process sid: 0  input buff size: 19231 output buff size: 12441600]
[2023-12-04 13:36:04.791] [erro] [CODEC] [P977543 T977622 WorkThread@decoder_cpu.cpp:444 | process sid: 0  input buff size: 19436 output buff size: 12441600]
[2023-12-04 13:36:04.891] [erro] [CODEC] [P977543 T977622 WorkThread@decoder_cpu.cpp:444 | process sid: 0  input buff size: 19069 output buff size: 12441600]
[2023-12-04 13:36:04.987] [erro] [CODEC] [P977543 T977622 WorkThread@decoder_cpu.cpp:444 | process sid: 0  input buff size: 17522 output buff size: 12441600]
[2023-12-04 13:36:05.086] [erro] [CODEC] [P977543 T977622 WorkThread@decoder_cpu.cpp:444 | process sid: 0  input buff size: 18512 output buff size: 12441600]
[2023-12-04 13:36:05.185] [erro] [CODEC] [P977543 T977622 WorkThread@decoder_cpu.cpp:444 | process sid: 0  input buff size: 20261 output buff size: 12441600]
[2023-12-04 13:36:05.289] [erro] [CODEC] [P977543 T977622 WorkThread@decoder_cpu.cpp:444 | process sid: 0  input buff size: 58423 output buff size: 12441600]
[2023-12-04 13:36:05.387] [erro] [CODEC] [P977543 T977622 WorkThread@decoder_cpu.cpp:444 | process sid: 0  input buff size: 18720 output buff size: 12441600]
[2023-12-04 13:36:05.488] [erro] [CODEC] [P977543 T977622 WorkThread@decoder_cpu.cpp:444 | process sid: 0  input buff size: 19820 output buff size: 12441600]
[2023-12-04 13:36:05.587] [erro] [CODEC] [P977543 T977622 WorkThread@decoder_cpu.cpp:444 | process sid: 0  input buff size: 18872 output buff size: 12441600]
[2023-12-04 13:36:05.686] [erro] [CODEC] [P977543 T977622 WorkThread@decoder_cpu.cpp:444 | process sid: 0  input buff size: 17851 output buff size: 12441600]
[2023-12-04 13:36:05.786] [erro] [CODEC] [P977543 T977622 WorkThread@decoder_cpu.cpp:444 | process sid: 0  input buff size: 19456 output buff size: 12441600]
[2023-12-04 13:36:05.886] [erro] [CODEC] [P977543 T977622 WorkThread@decoder_cpu.cpp:444 | process sid: 0  input buff size: 20795 output buff size: 12441600]
[2023-12-04 13:36:05.986] [erro] [CODEC] [P977543 T977622 WorkThread@decoder_cpu.cpp:444 | process sid: 0  input buff size: 21246 output buff size: 12441600]
[2023-12-04 13:36:06.086] [erro] [CODEC] [P977543 T977622 WorkThread@decoder_cpu.cpp:444 | process sid: 0  input buff size: 21633 output buff size: 12441600]
[2023-12-04 13:36:06.186] [erro] [CODEC] [P977543 T977622 WorkThread@decoder_cpu.cpp:444 | process sid: 0  input buff size: 19589 output buff size: 12441600]
[2023-12-04 13:36:06.286] [erro] [CODEC] [P977543 T977622 WorkThread@decoder_cpu.cpp:444 | process sid: 0  input buff size: 21090 output buff size: 12441600]
[2023-12-04 13:36:06.386] [erro] [CODEC] [P977543 T977622 WorkThread@decoder_cpu.cpp:444 | process sid: 0  input buff size: 20841 output buff size: 12441600]
[2023-12-04 13:36:06.486] [erro] [CODEC] [P977543 T977622 WorkThread@decoder_cpu.cpp:444 | process sid: 0  input buff size: 20524 output buff size: 12441600]
[2023-12-04 13:36:06.586] [erro] [CODEC] [P977543 T977622 WorkThread@decoder_cpu.cpp:444 | process sid: 0  input buff size: 21226 output buff size: 12441600]
[2023-12-04 13:36:06.686] [erro] [CODEC] [P977543 T977622 WorkThread@decoder_cpu.cpp:444 | process sid: 0  input buff size: 19890 output buff size: 12441600]
[2023-12-04 13:36:06.786] [erro] [CODEC] [P977543 T977622 WorkThread@decoder_cpu.cpp:444 | process sid: 0  input buff size: 19824 output buff size: 12441600]
[2023-12-04 13:36:06.887] [erro] [CODEC] [P977543 T977622 WorkThread@decoder_cpu.cpp:444 | process sid: 0  input buff size: 61062 output buff size: 12441600]
[2023-12-04 13:36:06.988] [erro] [CODEC] [P977543 T977622 WorkThread@decoder_cpu.cpp:444 | process sid: 0  input buff size: 16763 output buff size: 12441600]
